2023-09-21 11:50:32,909 INFO gov.naco.soch.dashboard.DashboardApplication [restartedMain] Starting DashboardApplication on DESKTOP-N2FUUPQ with PID 7832 (D:\sochbackend\dashboard\target\classes started by NACO in D:\sochbackend\dashboard)
2023-09-21 11:50:32,911 INFO gov.naco.soch.dashboard.DashboardApplication [restartedMain] The following profiles are active: @env@
2023-09-21 11:50:32,963 INFO org.springframework.boot.devtools.restart.ChangeableUrls [restartedMain] The Class-Path manifest attribute in C:\Users\NACO\.m2\repository\org\glassfish\jaxb\jaxb-runtime\2.3.2\jaxb-runtime-2.3.2.jar referenced one or more files that do not exist: file:/C:/Users/NACO/.m2/repository/org/glassfish/jaxb/jaxb-runtime/2.3.2/jakarta.xml.bind-api-2.3.2.jar,file:/C:/Users/NACO/.m2/repository/org/glassfish/jaxb/jaxb-runtime/2.3.2/txw2-2.3.2.jar,file:/C:/Users/NACO/.m2/repository/org/glassfish/jaxb/jaxb-runtime/2.3.2/istack-commons-runtime-3.0.8.jar,file:/C:/Users/NACO/.m2/repository/org/glassfish/jaxb/jaxb-runtime/2.3.2/stax-ex-1.8.1.jar,file:/C:/Users/NACO/.m2/repository/org/glassfish/jaxb/jaxb-runtime/2.3.2/FastInfoset-1.2.16.jar,file:/C:/Users/NACO/.m2/repository/org/glassfish/jaxb/jaxb-runtime/2.3.2/jakarta.activation-api-1.2.1.jar
2023-09-21 11:50:32,964 INFO org.springframework.boot.devtools.env.DevToolsPropertyDefaultsPostProcessor [restartedMain] Devtools property defaults active! Set 'spring.devtools.add-properties' to 'false' to disable
2023-09-21 11:50:32,964 INFO org.springframework.boot.devtools.env.DevToolsPropertyDefaultsPostProcessor [restartedMain] For additional web related logging consider setting the 'logging.level.web' property to 'DEBUG'
2023-09-21 11:50:33,706 INFO org.springframework.data.repository.config.RepositoryConfigurationDelegate [restartedMain] Bootstrapping Spring Data JPA repositories in DEFAULT mode.
2023-09-21 11:50:34,686 INFO org.springframework.data.repository.config.RepositoryConfigurationDelegate [restartedMain] Finished Spring Data repository scanning in 974ms. Found 452 JPA repository interfaces.
2023-09-21 11:50:35,484 INFO org.springframework.context.support.PostProcessorRegistrationDelegate$BeanPostProcessorChecker [restartedMain] Bean 'org.springframework.transaction.annotation.ProxyTransactionManagementConfiguration' of type [org.springframework.transaction.annotation.ProxyTransactionManagementConfiguration] is not eligible for getting processed by all BeanPostProcessors (for example: not eligible for auto-proxying)
2023-09-21 11:50:35,525 INFO org.springframework.context.support.PostProcessorRegistrationDelegate$BeanPostProcessorChecker [restartedMain] Bean 'org.springframework.security.config.annotation.configuration.ObjectPostProcessorConfiguration' of type [org.springframework.security.config.annotation.configuration.ObjectPostProcessorConfiguration] is not eligible for getting processed by all BeanPostProcessors (for example: not eligible for auto-proxying)
2023-09-21 11:50:35,532 INFO org.springframework.context.support.PostProcessorRegistrationDelegate$BeanPostProcessorChecker [restartedMain] Bean 'objectPostProcessor' of type [org.springframework.security.config.annotation.configuration.AutowireBeanFactoryObjectPostProcessor] is not eligible for getting processed by all BeanPostProcessors (for example: not eligible for auto-proxying)
2023-09-21 11:50:35,534 INFO org.springframework.context.support.PostProcessorRegistrationDelegate$BeanPostProcessorChecker [restartedMain] Bean 'org.springframework.security.access.expression.method.DefaultMethodSecurityExpressionHandler@626f7355' of type [org.springframework.security.access.expression.method.DefaultMethodSecurityExpressionHandler] is not eligible for getting processed by all BeanPostProcessors (for example: not eligible for auto-proxying)
2023-09-21 11:50:35,542 INFO org.springframework.context.support.PostProcessorRegistrationDelegate$BeanPostProcessorChecker [restartedMain] Bean 'org.springframework.security.config.annotation.method.configuration.GlobalMethodSecurityConfiguration' of type [org.springframework.security.config.annotation.method.configuration.GlobalMethodSecurityConfiguration] is not eligible for getting processed by all BeanPostProcessors (for example: not eligible for auto-proxying)
2023-09-21 11:50:35,546 INFO org.springframework.context.support.PostProcessorRegistrationDelegate$BeanPostProcessorChecker [restartedMain] Bean 'methodSecurityMetadataSource' of type [org.springframework.security.access.method.DelegatingMethodSecurityMetadataSource] is not eligible for getting processed by all BeanPostProcessors (for example: not eligible for auto-proxying)
2023-09-21 11:50:36,231 INFO org.springframework.boot.web.embedded.tomcat.TomcatWebServer [restartedMain] Tomcat initialized with port(s): 9070 (http)
2023-09-21 11:50:36,243 INFO org.apache.catalina.core.StandardService [restartedMain] Starting service [Tomcat]
2023-09-21 11:50:36,243 INFO org.apache.catalina.core.StandardEngine [restartedMain] Starting Servlet engine: [Apache Tomcat/9.0.29]
2023-09-21 11:50:36,354 INFO org.apache.catalina.core.ContainerBase.[Tomcat].[localhost].[/dashboard] [restartedMain] Initializing Spring embedded WebApplicationContext
2023-09-21 11:50:36,354 INFO org.springframework.web.context.ContextLoader [restartedMain] Root WebApplicationContext: initialization completed in 3390 ms
2023-09-21 11:50:36,876 INFO org.hibernate.jpa.internal.util.LogHelper [restartedMain] HHH000204: Processing PersistenceUnitInfo [name: default]
2023-09-21 11:50:36,980 INFO org.hibernate.Version [restartedMain] HHH000412: Hibernate Core {5.4.9.Final}
2023-09-21 11:50:37,136 INFO org.hibernate.annotations.common.Version [restartedMain] HCANN000001: Hibernate Commons Annotations {5.1.0.Final}
2023-09-21 11:50:37,415 INFO org.hibernate.dialect.Dialect [restartedMain] HHH000400: Using dialect: org.hibernate.dialect.PostgreSQLDialect
2023-09-21 11:50:38,458 WARN org.hibernate.boot.internal.InFlightMetadataCollectorImpl [restartedMain] HHH000069: Duplicate generator name tiOstBeneficiary
2023-09-21 11:50:38,769 WARN org.hibernate.orm.cache [restartedMain] HHH90001006: Missing cache[default-update-timestamps-region] was created on-the-fly. The created cache will use a provider-specific default configuration: make sure you defined one. You can disable this warning by setting 'hibernate.javax.cache.missing_cache_strategy' to 'create'.
2023-09-21 11:50:38,850 INFO org.ehcache.core.EhcacheManager [restartedMain] Cache 'default-update-timestamps-region' created in EhcacheManager.
2023-09-21 11:50:38,858 WARN org.hibernate.orm.cache [restartedMain] HHH90001006: Missing cache[default-query-results-region] was created on-the-fly. The created cache will use a provider-specific default configuration: make sure you defined one. You can disable this warning by setting 'hibernate.javax.cache.missing_cache_strategy' to 'create'.
2023-09-21 11:50:38,862 INFO org.ehcache.core.EhcacheManager [restartedMain] Cache 'default-query-results-region' created in EhcacheManager.
2023-09-21 11:50:42,387 INFO org.hibernate.engine.transaction.jta.platform.internal.JtaPlatformInitiator [restartedMain] HHH000490: Using JtaPlatform implementation: [org.hibernate.engine.transaction.jta.platform.internal.NoJtaPlatform]
2023-09-21 11:50:42,706 INFO org.springframework.orm.jpa.LocalContainerEntityManagerFactoryBean [restartedMain] Initialized JPA EntityManagerFactory for persistence unit 'default'
2023-09-21 11:50:44,818 INFO gov.naco.soch.security.WebSecurityConfig [restartedMain] Server is starting with crossDomainAllowedOrigins->:
2023-09-21 11:50:44,871 INFO org.springframework.security.web.DefaultSecurityFilterChain [restartedMain] Creating filter chain: any request, [org.springframework.security.web.context.request.async.WebAsyncManagerIntegrationFilter@794e377f, org.springframework.security.web.context.SecurityContextPersistenceFilter@5e1946d1, org.springframework.security.web.header.HeaderWriterFilter@62a0baf3, org.springframework.web.filter.CorsFilter@5173bd96, org.springframework.security.web.authentication.logout.LogoutFilter@143d2026, gov.naco.soch.security.JwtAuthenticationFilter@2fe19e41, org.springframework.security.web.savedrequest.RequestCacheAwareFilter@394eac3d, org.springframework.security.web.servletapi.SecurityContextHolderAwareRequestFilter@1d1c7866, org.springframework.security.web.authentication.AnonymousAuthenticationFilter@694490a8, org.springframework.security.web.session.SessionManagementFilter@67169731, org.springframework.security.web.access.ExceptionTranslationFilter@49f7d4da, org.springframework.security.web.access.intercept.FilterSecurityInterceptor@59e27c8c]
2023-09-21 11:50:52,339 INFO org.springframework.scheduling.concurrent.ThreadPoolTaskExecutor [restartedMain] Initializing ExecutorService 'applicationTaskExecutor'
2023-09-21 11:50:52,494 INFO org.springframework.scheduling.concurrent.ThreadPoolTaskScheduler [restartedMain] Initializing ExecutorService 'taskScheduler'
2023-09-21 11:50:52,609 INFO org.springframework.boot.devtools.autoconfigure.OptionalLiveReloadServer [restartedMain] LiveReload server is running on port 35729
2023-09-21 11:50:52,701 INFO org.springframework.boot.web.embedded.tomcat.TomcatWebServer [restartedMain] Tomcat started on port(s): 9070 (http) with context path '/dashboard'
2023-09-21 11:50:52,711 INFO gov.naco.soch.dashboard.DashboardApplication [restartedMain] Started DashboardApplication in 20.359 seconds (JVM running for 20.923)
2023-09-21 11:51:24,077 INFO org.apache.catalina.core.ContainerBase.[Tomcat].[localhost].[/dashboard] [http-nio-9070-exec-2] Initializing Spring DispatcherServlet 'dispatcherServlet'
2023-09-21 11:51:24,078 INFO org.springframework.web.servlet.DispatcherServlet [http-nio-9070-exec-2] Initializing Servlet 'dispatcherServlet'
2023-09-21 11:51:24,084 INFO org.springframework.web.servlet.DispatcherServlet [http-nio-9070-exec-2] Completed initialization in 6 ms
2023-09-21 11:51:24,097 INFO gov.naco.soch.security.JwtAuthenticationFilter [http-nio-9070-exec-2] Got the request-->/dashboard/overview/artDispensationStateWise/2:
2023-09-21 11:51:24,204 INFO gov.naco.soch.security.JwtAuthenticationFilter [http-nio-9070-exec-2] Processing request --> username-->null:request-->/dashboard/overview/artDispensationStateWise/2:
2023-09-21 11:51:24,283 INFO gov.naco.soch.security.JwtAuthenticationFilter [http-nio-9070-exec-2] APIEXECUTIONTIME /dashboard/overview/artDispensationStateWise/2-->username-->null:-->186 ms
2023-09-21 11:53:04,947 INFO gov.naco.soch.dashboard.DashboardApplication [restartedMain] Starting DashboardApplication on DESKTOP-N2FUUPQ with PID 21224 (D:\sochbackend\dashboard\target\classes started by NACO in D:\sochbackend\dashboard)
2023-09-21 11:53:04,949 INFO gov.naco.soch.dashboard.DashboardApplication [restartedMain] The following profiles are active: @env@
2023-09-21 11:53:04,994 INFO org.springframework.boot.devtools.restart.ChangeableUrls [restartedMain] The Class-Path manifest attribute in C:\Users\NACO\.m2\repository\org\glassfish\jaxb\jaxb-runtime\2.3.2\jaxb-runtime-2.3.2.jar referenced one or more files that do not exist: file:/C:/Users/NACO/.m2/repository/org/glassfish/jaxb/jaxb-runtime/2.3.2/jakarta.xml.bind-api-2.3.2.jar,file:/C:/Users/NACO/.m2/repository/org/glassfish/jaxb/jaxb-runtime/2.3.2/txw2-2.3.2.jar,file:/C:/Users/NACO/.m2/repository/org/glassfish/jaxb/jaxb-runtime/2.3.2/istack-commons-runtime-3.0.8.jar,file:/C:/Users/NACO/.m2/repository/org/glassfish/jaxb/jaxb-runtime/2.3.2/stax-ex-1.8.1.jar,file:/C:/Users/NACO/.m2/repository/org/glassfish/jaxb/jaxb-runtime/2.3.2/FastInfoset-1.2.16.jar,file:/C:/Users/NACO/.m2/repository/org/glassfish/jaxb/jaxb-runtime/2.3.2/jakarta.activation-api-1.2.1.jar
2023-09-21 11:53:04,994 INFO org.springframework.boot.devtools.env.DevToolsPropertyDefaultsPostProcessor [restartedMain] Devtools property defaults active! Set 'spring.devtools.add-properties' to 'false' to disable
2023-09-21 11:53:04,994 INFO org.springframework.boot.devtools.env.DevToolsPropertyDefaultsPostProcessor [restartedMain] For additional web related logging consider setting the 'logging.level.web' property to 'DEBUG'
2023-09-21 11:53:05,709 INFO org.springframework.data.repository.config.RepositoryConfigurationDelegate [restartedMain] Bootstrapping Spring Data JPA repositories in DEFAULT mode.
2023-09-21 11:53:06,638 INFO org.springframework.data.repository.config.RepositoryConfigurationDelegate [restartedMain] Finished Spring Data repository scanning in 923ms. Found 452 JPA repository interfaces.
2023-09-21 11:53:07,435 INFO org.springframework.context.support.PostProcessorRegistrationDelegate$BeanPostProcessorChecker [restartedMain] Bean 'org.springframework.transaction.annotation.ProxyTransactionManagementConfiguration' of type [org.springframework.transaction.annotation.ProxyTransactionManagementConfiguration] is not eligible for getting processed by all BeanPostProcessors (for example: not eligible for auto-proxying)
2023-09-21 11:53:07,480 INFO org.springframework.context.support.PostProcessorRegistrationDelegate$BeanPostProcessorChecker [restartedMain] Bean 'org.springframework.security.config.annotation.configuration.ObjectPostProcessorConfiguration' of type [org.springframework.security.config.annotation.configuration.ObjectPostProcessorConfiguration] is not eligible for getting processed by all BeanPostProcessors (for example: not eligible for auto-proxying)
2023-09-21 11:53:07,486 INFO org.springframework.context.support.PostProcessorRegistrationDelegate$BeanPostProcessorChecker [restartedMain] Bean 'objectPostProcessor' of type [org.springframework.security.config.annotation.configuration.AutowireBeanFactoryObjectPostProcessor] is not eligible for getting processed by all BeanPostProcessors (for example: not eligible for auto-proxying)
2023-09-21 11:53:07,488 INFO org.springframework.context.support.PostProcessorRegistrationDelegate$BeanPostProcessorChecker [restartedMain] Bean 'org.springframework.security.access.expression.method.DefaultMethodSecurityExpressionHandler@2b42067f' of type [org.springframework.security.access.expression.method.DefaultMethodSecurityExpressionHandler] is not eligible for getting processed by all BeanPostProcessors (for example: not eligible for auto-proxying)
2023-09-21 11:53:07,495 INFO org.springframework.context.support.PostProcessorRegistrationDelegate$BeanPostProcessorChecker [restartedMain] Bean 'org.springframework.security.config.annotation.method.configuration.GlobalMethodSecurityConfiguration' of type [org.springframework.security.config.annotation.method.configuration.GlobalMethodSecurityConfiguration] is not eligible for getting processed by all BeanPostProcessors (for example: not eligible for auto-proxying)
2023-09-21 11:53:07,500 INFO org.springframework.context.support.PostProcessorRegistrationDelegate$BeanPostProcessorChecker [restartedMain] Bean 'methodSecurityMetadataSource' of type [org.springframework.security.access.method.DelegatingMethodSecurityMetadataSource] is not eligible for getting processed by all BeanPostProcessors (for example: not eligible for auto-proxying)
2023-09-21 11:53:08,096 INFO org.springframework.boot.web.embedded.tomcat.TomcatWebServer [restartedMain] Tomcat initialized with port(s): 9070 (http)
2023-09-21 11:53:08,108 INFO org.apache.catalina.core.StandardService [restartedMain] Starting service [Tomcat]
2023-09-21 11:53:08,109 INFO org.apache.catalina.core.StandardEngine [restartedMain] Starting Servlet engine: [Apache Tomcat/9.0.29]
2023-09-21 11:53:08,218 INFO org.apache.catalina.core.ContainerBase.[Tomcat].[localhost].[/dashboard] [restartedMain] Initializing Spring embedded WebApplicationContext
2023-09-21 11:53:08,219 INFO org.springframework.web.context.ContextLoader [restartedMain] Root WebApplicationContext: initialization completed in 3225 ms
2023-09-21 11:53:08,732 INFO org.hibernate.jpa.internal.util.LogHelper [restartedMain] HHH000204: Processing PersistenceUnitInfo [name: default]
2023-09-21 11:53:08,792 INFO org.hibernate.Version [restartedMain] HHH000412: Hibernate Core {5.4.9.Final}
2023-09-21 11:53:08,892 INFO org.hibernate.annotations.common.Version [restartedMain] HCANN000001: Hibernate Commons Annotations {5.1.0.Final}
2023-09-21 11:53:09,107 INFO org.hibernate.dialect.Dialect [restartedMain] HHH000400: Using dialect: org.hibernate.dialect.PostgreSQLDialect
2023-09-21 11:53:10,265 WARN org.hibernate.boot.internal.InFlightMetadataCollectorImpl [restartedMain] HHH000069: Duplicate generator name tiOstBeneficiary
2023-09-21 11:53:10,651 WARN org.hibernate.orm.cache [restartedMain] HHH90001006: Missing cache[default-update-timestamps-region] was created on-the-fly. The created cache will use a provider-specific default configuration: make sure you defined one. You can disable this warning by setting 'hibernate.javax.cache.missing_cache_strategy' to 'create'.
2023-09-21 11:53:10,740 INFO org.ehcache.core.EhcacheManager [restartedMain] Cache 'default-update-timestamps-region' created in EhcacheManager.
2023-09-21 11:53:10,750 WARN org.hibernate.orm.cache [restartedMain] HHH90001006: Missing cache[default-query-results-region] was created on-the-fly. The created cache will use a provider-specific default configuration: make sure you defined one. You can disable this warning by setting 'hibernate.javax.cache.missing_cache_strategy' to 'create'.
2023-09-21 11:53:10,753 INFO org.ehcache.core.EhcacheManager [restartedMain] Cache 'default-query-results-region' created in EhcacheManager.
2023-09-21 11:53:14,071 INFO org.hibernate.engine.transaction.jta.platform.internal.JtaPlatformInitiator [restartedMain] HHH000490: Using JtaPlatform implementation: [org.hibernate.engine.transaction.jta.platform.internal.NoJtaPlatform]
2023-09-21 11:53:14,355 INFO org.springframework.orm.jpa.LocalContainerEntityManagerFactoryBean [restartedMain] Initialized JPA EntityManagerFactory for persistence unit 'default'
2023-09-21 11:53:16,641 INFO gov.naco.soch.security.WebSecurityConfig [restartedMain] Server is starting with crossDomainAllowedOrigins->:
2023-09-21 11:53:16,701 INFO org.springframework.security.web.DefaultSecurityFilterChain [restartedMain] Creating filter chain: any request, [org.springframework.security.web.context.request.async.WebAsyncManagerIntegrationFilter@cdb0d93, org.springframework.security.web.context.SecurityContextPersistenceFilter@51b19cc4, org.springframework.security.web.header.HeaderWriterFilter@125e4f03, org.springframework.web.filter.CorsFilter@22c1cd02, org.springframework.security.web.authentication.logout.LogoutFilter@7522b053, gov.naco.soch.security.JwtAuthenticationFilter@7e8d08a, org.springframework.security.web.savedrequest.RequestCacheAwareFilter@5dc19c33, org.springframework.security.web.servletapi.SecurityContextHolderAwareRequestFilter@6628141a, org.springframework.security.web.authentication.AnonymousAuthenticationFilter@64095f50, org.springframework.security.web.session.SessionManagementFilter@478e8ace, org.springframework.security.web.access.ExceptionTranslationFilter@734a9440, org.springframework.security.web.access.intercept.FilterSecurityInterceptor@7508b85b]
2023-09-21 11:53:24,710 INFO org.springframework.scheduling.concurrent.ThreadPoolTaskExecutor [restartedMain] Initializing ExecutorService 'applicationTaskExecutor'
2023-09-21 11:53:24,877 INFO org.springframework.scheduling.concurrent.ThreadPoolTaskScheduler [restartedMain] Initializing ExecutorService 'taskScheduler'
2023-09-21 11:53:24,982 INFO org.springframework.boot.devtools.autoconfigure.OptionalLiveReloadServer [restartedMain] LiveReload server is running on port 35729
2023-09-21 11:53:25,064 INFO org.springframework.boot.web.embedded.tomcat.TomcatWebServer [restartedMain] Tomcat started on port(s): 9070 (http) with context path '/dashboard'
2023-09-21 11:53:25,072 INFO gov.naco.soch.dashboard.DashboardApplication [restartedMain] Started DashboardApplication in 20.529 seconds (JVM running for 20.988)
2023-09-21 11:58:23,006 INFO gov.naco.soch.dashboard.DashboardApplication [restartedMain] Starting DashboardApplication on DESKTOP-N2FUUPQ with PID 15896 (D:\sochbackend\dashboard\target\classes started by NACO in D:\sochbackend\dashboard)
2023-09-21 11:58:23,008 INFO gov.naco.soch.dashboard.DashboardApplication [restartedMain] The following profiles are active: @env@
2023-09-21 11:58:23,060 INFO org.springframework.boot.devtools.restart.ChangeableUrls [restartedMain] The Class-Path manifest attribute in C:\Users\NACO\.m2\repository\org\glassfish\jaxb\jaxb-runtime\2.3.2\jaxb-runtime-2.3.2.jar referenced one or more files that do not exist: file:/C:/Users/NACO/.m2/repository/org/glassfish/jaxb/jaxb-runtime/2.3.2/jakarta.xml.bind-api-2.3.2.jar,file:/C:/Users/NACO/.m2/repository/org/glassfish/jaxb/jaxb-runtime/2.3.2/txw2-2.3.2.jar,file:/C:/Users/NACO/.m2/repository/org/glassfish/jaxb/jaxb-runtime/2.3.2/istack-commons-runtime-3.0.8.jar,file:/C:/Users/NACO/.m2/repository/org/glassfish/jaxb/jaxb-runtime/2.3.2/stax-ex-1.8.1.jar,file:/C:/Users/NACO/.m2/repository/org/glassfish/jaxb/jaxb-runtime/2.3.2/FastInfoset-1.2.16.jar,file:/C:/Users/NACO/.m2/repository/org/glassfish/jaxb/jaxb-runtime/2.3.2/jakarta.activation-api-1.2.1.jar
2023-09-21 11:58:23,060 INFO org.springframework.boot.devtools.env.DevToolsPropertyDefaultsPostProcessor [restartedMain] Devtools property defaults active! Set 'spring.devtools.add-properties' to 'false' to disable
2023-09-21 11:58:23,060 INFO org.springframework.boot.devtools.env.DevToolsPropertyDefaultsPostProcessor [restartedMain] For additional web related logging consider setting the 'logging.level.web' property to 'DEBUG'
2023-09-21 11:58:23,827 INFO org.springframework.data.repository.config.RepositoryConfigurationDelegate [restartedMain] Bootstrapping Spring Data JPA repositories in DEFAULT mode.
2023-09-21 11:58:24,895 INFO org.springframework.data.repository.config.RepositoryConfigurationDelegate [restartedMain] Finished Spring Data repository scanning in 1060ms. Found 452 JPA repository interfaces.
2023-09-21 11:58:25,672 INFO org.springframework.context.support.PostProcessorRegistrationDelegate$BeanPostProcessorChecker [restartedMain] Bean 'org.springframework.transaction.annotation.ProxyTransactionManagementConfiguration' of type [org.springframework.transaction.annotation.ProxyTransactionManagementConfiguration] is not eligible for getting processed by all BeanPostProcessors (for example: not eligible for auto-proxying)
2023-09-21 11:58:25,722 INFO org.springframework.context.support.PostProcessorRegistrationDelegate$BeanPostProcessorChecker [restartedMain] Bean 'org.springframework.security.config.annotation.configuration.ObjectPostProcessorConfiguration' of type [org.springframework.security.config.annotation.configuration.ObjectPostProcessorConfiguration] is not eligible for getting processed by all BeanPostProcessors (for example: not eligible for auto-proxying)
2023-09-21 11:58:25,732 INFO org.springframework.context.support.PostProcessorRegistrationDelegate$BeanPostProcessorChecker [restartedMain] Bean 'objectPostProcessor' of type [org.springframework.security.config.annotation.configuration.AutowireBeanFactoryObjectPostProcessor] is not eligible for getting processed by all BeanPostProcessors (for example: not eligible for auto-proxying)
2023-09-21 11:58:25,735 INFO org.springframework.context.support.PostProcessorRegistrationDelegate$BeanPostProcessorChecker [restartedMain] Bean 'org.springframework.security.access.expression.method.DefaultMethodSecurityExpressionHandler@182e24b' of type [org.springframework.security.access.expression.method.DefaultMethodSecurityExpressionHandler] is not eligible for getting processed by all BeanPostProcessors (for example: not eligible for auto-proxying)
2023-09-21 11:58:25,745 INFO org.springframework.context.support.PostProcessorRegistrationDelegate$BeanPostProcessorChecker [restartedMain] Bean 'org.springframework.security.config.annotation.method.configuration.GlobalMethodSecurityConfiguration' of type [org.springframework.security.config.annotation.method.configuration.GlobalMethodSecurityConfiguration] is not eligible for getting processed by all BeanPostProcessors (for example: not eligible for auto-proxying)
2023-09-21 11:58:25,749 INFO org.springframework.context.support.PostProcessorRegistrationDelegate$BeanPostProcessorChecker [restartedMain] Bean 'methodSecurityMetadataSource' of type [org.springframework.security.access.method.DelegatingMethodSecurityMetadataSource] is not eligible for getting processed by all BeanPostProcessors (for example: not eligible for auto-proxying)
2023-09-21 11:58:26,347 INFO org.springframework.boot.web.embedded.tomcat.TomcatWebServer [restartedMain] Tomcat initialized with port(s): 9070 (http)
2023-09-21 11:58:26,355 INFO org.apache.catalina.core.StandardService [restartedMain] Starting service [Tomcat]
2023-09-21 11:58:26,356 INFO org.apache.catalina.core.StandardEngine [restartedMain] Starting Servlet engine: [Apache Tomcat/9.0.29]
2023-09-21 11:58:26,449 INFO org.apache.catalina.core.ContainerBase.[Tomcat].[localhost].[/dashboard] [restartedMain] Initializing Spring embedded WebApplicationContext
2023-09-21 11:58:26,450 INFO org.springframework.web.context.ContextLoader [restartedMain] Root WebApplicationContext: initialization completed in 3389 ms
2023-09-21 11:58:26,983 INFO org.hibernate.jpa.internal.util.LogHelper [restartedMain] HHH000204: Processing PersistenceUnitInfo [name: default]
2023-09-21 11:58:27,048 INFO org.hibernate.Version [restartedMain] HHH000412: Hibernate Core {5.4.9.Final}
2023-09-21 11:58:27,151 INFO org.hibernate.annotations.common.Version [restartedMain] HCANN000001: Hibernate Commons Annotations {5.1.0.Final}
2023-09-21 11:58:27,415 INFO org.hibernate.dialect.Dialect [restartedMain] HHH000400: Using dialect: org.hibernate.dialect.PostgreSQLDialect
2023-09-21 11:58:28,621 WARN org.hibernate.boot.internal.InFlightMetadataCollectorImpl [restartedMain] HHH000069: Duplicate generator name tiOstBeneficiary
2023-09-21 11:58:28,956 WARN org.hibernate.orm.cache [restartedMain] HHH90001006: Missing cache[default-update-timestamps-region] was created on-the-fly. The created cache will use a provider-specific default configuration: make sure you defined one. You can disable this warning by setting 'hibernate.javax.cache.missing_cache_strategy' to 'create'.
2023-09-21 11:58:29,043 INFO org.ehcache.core.EhcacheManager [restartedMain] Cache 'default-update-timestamps-region' created in EhcacheManager.
2023-09-21 11:58:29,052 WARN org.hibernate.orm.cache [restartedMain] HHH90001006: Missing cache[default-query-results-region] was created on-the-fly. The created cache will use a provider-specific default configuration: make sure you defined one. You can disable this warning by setting 'hibernate.javax.cache.missing_cache_strategy' to 'create'.
2023-09-21 11:58:29,055 INFO org.ehcache.core.EhcacheManager [restartedMain] Cache 'default-query-results-region' created in EhcacheManager.
2023-09-21 11:58:32,536 INFO org.hibernate.engine.transaction.jta.platform.internal.JtaPlatformInitiator [restartedMain] HHH000490: Using JtaPlatform implementation: [org.hibernate.engine.transaction.jta.platform.internal.NoJtaPlatform]
2023-09-21 11:58:32,884 INFO org.springframework.orm.jpa.LocalContainerEntityManagerFactoryBean [restartedMain] Initialized JPA EntityManagerFactory for persistence unit 'default'
2023-09-21 11:58:35,072 INFO gov.naco.soch.security.WebSecurityConfig [restartedMain] Server is starting with crossDomainAllowedOrigins->:
2023-09-21 11:58:35,129 INFO org.springframework.security.web.DefaultSecurityFilterChain [restartedMain] Creating filter chain: any request, [org.springframework.security.web.context.request.async.WebAsyncManagerIntegrationFilter@66900916, org.springframework.security.web.context.SecurityContextPersistenceFilter@6b5de074, org.springframework.security.web.header.HeaderWriterFilter@448f950f, org.springframework.web.filter.CorsFilter@7947e505, org.springframework.security.web.authentication.logout.LogoutFilter@b7f9b77, gov.naco.soch.security.JwtAuthenticationFilter@14ad5dca, org.springframework.security.web.savedrequest.RequestCacheAwareFilter@52a17554, org.springframework.security.web.servletapi.SecurityContextHolderAwareRequestFilter@2e61e1ff, org.springframework.security.web.authentication.AnonymousAuthenticationFilter@4535ca55, org.springframework.security.web.session.SessionManagementFilter@608fd576, org.springframework.security.web.access.ExceptionTranslationFilter@3303790b, org.springframework.security.web.access.intercept.FilterSecurityInterceptor@45460d70]
2023-09-21 11:58:42,168 INFO org.springframework.scheduling.concurrent.ThreadPoolTaskExecutor [restartedMain] Initializing ExecutorService 'applicationTaskExecutor'
2023-09-21 11:58:42,331 INFO org.springframework.scheduling.concurrent.ThreadPoolTaskScheduler [restartedMain] Initializing ExecutorService 'taskScheduler'
2023-09-21 11:58:42,434 INFO org.springframework.boot.devtools.autoconfigure.OptionalLiveReloadServer [restartedMain] LiveReload server is running on port 35729
2023-09-21 11:58:42,508 INFO org.springframework.boot.web.embedded.tomcat.TomcatWebServer [restartedMain] Tomcat started on port(s): 9070 (http) with context path '/dashboard'
2023-09-21 11:58:42,515 INFO gov.naco.soch.dashboard.DashboardApplication [restartedMain] Started DashboardApplication in 19.936 seconds (JVM running for 20.411)
2023-09-21 11:59:20,357 INFO org.apache.catalina.core.ContainerBase.[Tomcat].[localhost].[/dashboard] [http-nio-9070-exec-1] Initializing Spring DispatcherServlet 'dispatcherServlet'
2023-09-21 11:59:20,357 INFO org.springframework.web.servlet.DispatcherServlet [http-nio-9070-exec-1] Initializing Servlet 'dispatcherServlet'
2023-09-21 11:59:20,366 INFO org.springframework.web.servlet.DispatcherServlet [http-nio-9070-exec-1] Completed initialization in 9 ms
2023-09-21 11:59:20,378 INFO gov.naco.soch.security.JwtAuthenticationFilter [http-nio-9070-exec-1] Got the request-->/dashboard/overview/artDispensationStateWise/2:
2023-09-21 11:59:20,448 INFO gov.naco.soch.security.JwtAuthenticationFilter [http-nio-9070-exec-1] Processing request --> username-->null:request-->/dashboard/overview/artDispensationStateWise/2:
2023-09-21 11:59:20,522 INFO gov.naco.soch.security.JwtAuthenticationFilter [http-nio-9070-exec-1] APIEXECUTIONTIME /dashboard/overview/artDispensationStateWise/2-->username-->null:-->144 ms
2023-09-21 11:59:35,723 INFO org.springframework.scheduling.concurrent.ThreadPoolTaskScheduler [Thread-6] Shutting down ExecutorService 'taskScheduler'
2023-09-21 11:59:35,725 INFO org.springframework.scheduling.concurrent.ThreadPoolTaskExecutor [Thread-6] Shutting down ExecutorService 'applicationTaskExecutor'
2023-09-21 11:59:35,833 INFO org.springframework.orm.jpa.LocalContainerEntityManagerFactoryBean [Thread-6] Closing JPA EntityManagerFactory for persistence unit 'default'
2023-09-21 11:59:35,838 INFO org.ehcache.core.EhcacheManager [Thread-6] Cache 'default-query-results-region' removed from EhcacheManager.
2023-09-21 11:59:35,840 INFO org.ehcache.core.EhcacheManager [Thread-6] Cache 'default-update-timestamps-region' removed from EhcacheManager.
2023-09-21 11:59:41,254 INFO gov.naco.soch.dashboard.DashboardApplication [restartedMain] Starting DashboardApplication on DESKTOP-N2FUUPQ with PID 3220 (D:\sochbackend\dashboard\target\classes started by NACO in D:\sochbackend\dashboard)
2023-09-21 11:59:41,256 INFO gov.naco.soch.dashboard.DashboardApplication [restartedMain] The following profiles are active: @env@
2023-09-21 11:59:41,303 INFO org.springframework.boot.devtools.restart.ChangeableUrls [restartedMain] The Class-Path manifest attribute in C:\Users\NACO\.m2\repository\org\glassfish\jaxb\jaxb-runtime\2.3.2\jaxb-runtime-2.3.2.jar referenced one or more files that do not exist: file:/C:/Users/NACO/.m2/repository/org/glassfish/jaxb/jaxb-runtime/2.3.2/jakarta.xml.bind-api-2.3.2.jar,file:/C:/Users/NACO/.m2/repository/org/glassfish/jaxb/jaxb-runtime/2.3.2/txw2-2.3.2.jar,file:/C:/Users/NACO/.m2/repository/org/glassfish/jaxb/jaxb-runtime/2.3.2/istack-commons-runtime-3.0.8.jar,file:/C:/Users/NACO/.m2/repository/org/glassfish/jaxb/jaxb-runtime/2.3.2/stax-ex-1.8.1.jar,file:/C:/Users/NACO/.m2/repository/org/glassfish/jaxb/jaxb-runtime/2.3.2/FastInfoset-1.2.16.jar,file:/C:/Users/NACO/.m2/repository/org/glassfish/jaxb/jaxb-runtime/2.3.2/jakarta.activation-api-1.2.1.jar
2023-09-21 11:59:41,303 INFO org.springframework.boot.devtools.env.DevToolsPropertyDefaultsPostProcessor [restartedMain] Devtools property defaults active! Set 'spring.devtools.add-properties' to 'false' to disable
2023-09-21 11:59:41,303 INFO org.springframework.boot.devtools.env.DevToolsPropertyDefaultsPostProcessor [restartedMain] For additional web related logging consider setting the 'logging.level.web' property to 'DEBUG'
2023-09-21 11:59:42,030 INFO org.springframework.data.repository.config.RepositoryConfigurationDelegate [restartedMain] Bootstrapping Spring Data JPA repositories in DEFAULT mode.
2023-09-21 11:59:42,978 INFO org.springframework.data.repository.config.RepositoryConfigurationDelegate [restartedMain] Finished Spring Data repository scanning in 941ms. Found 452 JPA repository interfaces.
2023-09-21 11:59:43,698 INFO org.springframework.context.support.PostProcessorRegistrationDelegate$BeanPostProcessorChecker [restartedMain] Bean 'org.springframework.transaction.annotation.ProxyTransactionManagementConfiguration' of type [org.springframework.transaction.annotation.ProxyTransactionManagementConfiguration] is not eligible for getting processed by all BeanPostProcessors (for example: not eligible for auto-proxying)
2023-09-21 11:59:43,737 INFO org.springframework.context.support.PostProcessorRegistrationDelegate$BeanPostProcessorChecker [restartedMain] Bean 'org.springframework.security.config.annotation.configuration.ObjectPostProcessorConfiguration' of type [org.springframework.security.config.annotation.configuration.ObjectPostProcessorConfiguration] is not eligible for getting processed by all BeanPostProcessors (for example: not eligible for auto-proxying)
2023-09-21 11:59:43,743 INFO org.springframework.context.support.PostProcessorRegistrationDelegate$BeanPostProcessorChecker [restartedMain] Bean 'objectPostProcessor' of type [org.springframework.security.config.annotation.configuration.AutowireBeanFactoryObjectPostProcessor] is not eligible for getting processed by all BeanPostProcessors (for example: not eligible for auto-proxying)
2023-09-21 11:59:43,745 INFO org.springframework.context.support.PostProcessorRegistrationDelegate$BeanPostProcessorChecker [restartedMain] Bean 'org.springframework.security.access.expression.method.DefaultMethodSecurityExpressionHandler@3b7fa236' of type [org.springframework.security.access.expression.method.DefaultMethodSecurityExpressionHandler] is not eligible for getting processed by all BeanPostProcessors (for example: not eligible for auto-proxying)
2023-09-21 11:59:43,753 INFO org.springframework.context.support.PostProcessorRegistrationDelegate$BeanPostProcessorChecker [restartedMain] Bean 'org.springframework.security.config.annotation.method.configuration.GlobalMethodSecurityConfiguration' of type [org.springframework.security.config.annotation.method.configuration.GlobalMethodSecurityConfiguration] is not eligible for getting processed by all BeanPostProcessors (for example: not eligible for auto-proxying)
2023-09-21 11:59:43,756 INFO org.springframework.context.support.PostProcessorRegistrationDelegate$BeanPostProcessorChecker [restartedMain] Bean 'methodSecurityMetadataSource' of type [org.springframework.security.access.method.DelegatingMethodSecurityMetadataSource] is not eligible for getting processed by all BeanPostProcessors (for example: not eligible for auto-proxying)
2023-09-21 11:59:44,352 INFO org.springframework.boot.web.embedded.tomcat.TomcatWebServer [restartedMain] Tomcat initialized with port(s): 9070 (http)
2023-09-21 11:59:44,364 INFO org.apache.catalina.core.StandardService [restartedMain] Starting service [Tomcat]
2023-09-21 11:59:44,364 INFO org.apache.catalina.core.StandardEngine [restartedMain] Starting Servlet engine: [Apache Tomcat/9.0.29]
2023-09-21 11:59:44,461 INFO org.apache.catalina.core.ContainerBase.[Tomcat].[localhost].[/dashboard] [restartedMain] Initializing Spring embedded WebApplicationContext
2023-09-21 11:59:44,461 INFO org.springframework.web.context.ContextLoader [restartedMain] Root WebApplicationContext: initialization completed in 3158 ms
2023-09-21 11:59:45,003 INFO org.hibernate.jpa.internal.util.LogHelper [restartedMain] HHH000204: Processing PersistenceUnitInfo [name: default]
2023-09-21 11:59:45,067 INFO org.hibernate.Version [restartedMain] HHH000412: Hibernate Core {5.4.9.Final}
2023-09-21 11:59:45,163 INFO org.hibernate.annotations.common.Version [restartedMain] HCANN000001: Hibernate Commons Annotations {5.1.0.Final}
2023-09-21 11:59:45,369 INFO org.hibernate.dialect.Dialect [restartedMain] HHH000400: Using dialect: org.hibernate.dialect.PostgreSQLDialect
2023-09-21 11:59:46,461 WARN org.hibernate.boot.internal.InFlightMetadataCollectorImpl [restartedMain] HHH000069: Duplicate generator name tiOstBeneficiary
2023-09-21 11:59:46,757 WARN org.hibernate.orm.cache [restartedMain] HHH90001006: Missing cache[default-update-timestamps-region] was created on-the-fly. The created cache will use a provider-specific default configuration: make sure you defined one. You can disable this warning by setting 'hibernate.javax.cache.missing_cache_strategy' to 'create'.
2023-09-21 11:59:46,844 INFO org.ehcache.core.EhcacheManager [restartedMain] Cache 'default-update-timestamps-region' created in EhcacheManager.
2023-09-21 11:59:46,851 WARN org.hibernate.orm.cache [restartedMain] HHH90001006: Missing cache[default-query-results-region] was created on-the-fly. The created cache will use a provider-specific default configuration: make sure you defined one. You can disable this warning by setting 'hibernate.javax.cache.missing_cache_strategy' to 'create'.
2023-09-21 11:59:46,855 INFO org.ehcache.core.EhcacheManager [restartedMain] Cache 'default-query-results-region' created in EhcacheManager.
2023-09-21 11:59:50,319 INFO org.hibernate.engine.transaction.jta.platform.internal.JtaPlatformInitiator [restartedMain] HHH000490: Using JtaPlatform implementation: [org.hibernate.engine.transaction.jta.platform.internal.NoJtaPlatform]
2023-09-21 11:59:50,588 INFO org.springframework.orm.jpa.LocalContainerEntityManagerFactoryBean [restartedMain] Initialized JPA EntityManagerFactory for persistence unit 'default'
2023-09-21 11:59:52,873 INFO gov.naco.soch.security.WebSecurityConfig [restartedMain] Server is starting with crossDomainAllowedOrigins->:
2023-09-21 11:59:52,932 INFO org.springframework.security.web.DefaultSecurityFilterChain [restartedMain] Creating filter chain: any request, [org.springframework.security.web.context.request.async.WebAsyncManagerIntegrationFilter@2d2185be, org.springframework.security.web.context.SecurityContextPersistenceFilter@333efdfd, org.springframework.security.web.header.HeaderWriterFilter@6eb52996, org.springframework.web.filter.CorsFilter@2b26c7ba, org.springframework.security.web.authentication.logout.LogoutFilter@5d755b34, gov.naco.soch.security.JwtAuthenticationFilter@357412f8, org.springframework.security.web.savedrequest.RequestCacheAwareFilter@6c4d8210, org.springframework.security.web.servletapi.SecurityContextHolderAwareRequestFilter@7a25670c, org.springframework.security.web.authentication.AnonymousAuthenticationFilter@59bd5dc, org.springframework.security.web.session.SessionManagementFilter@9618c3, org.springframework.security.web.access.ExceptionTranslationFilter@e497c8f, org.springframework.security.web.access.intercept.FilterSecurityInterceptor@3e38ad79]
2023-09-21 12:00:00,312 INFO org.springframework.scheduling.concurrent.ThreadPoolTaskExecutor [restartedMain] Initializing ExecutorService 'applicationTaskExecutor'
2023-09-21 12:00:00,477 INFO org.springframework.scheduling.concurrent.ThreadPoolTaskScheduler [restartedMain] Initializing ExecutorService 'taskScheduler'
2023-09-21 12:00:00,581 INFO org.springframework.boot.devtools.autoconfigure.OptionalLiveReloadServer [restartedMain] LiveReload server is running on port 35729
2023-09-21 12:00:00,651 INFO org.springframework.boot.web.embedded.tomcat.TomcatWebServer [restartedMain] Tomcat started on port(s): 9070 (http) with context path '/dashboard'
2023-09-21 12:00:00,658 INFO gov.naco.soch.dashboard.DashboardApplication [restartedMain] Started DashboardApplication in 19.805 seconds (JVM running for 20.271)
2023-09-21 12:00:30,772 INFO org.apache.catalina.core.ContainerBase.[Tomcat].[localhost].[/dashboard] [http-nio-9070-exec-1] Initializing Spring DispatcherServlet 'dispatcherServlet'
2023-09-21 12:00:30,773 INFO org.springframework.web.servlet.DispatcherServlet [http-nio-9070-exec-1] Initializing Servlet 'dispatcherServlet'
2023-09-21 12:00:30,782 INFO org.springframework.web.servlet.DispatcherServlet [http-nio-9070-exec-1] Completed initialization in 9 ms
2023-09-21 12:00:30,797 INFO gov.naco.soch.security.JwtAuthenticationFilter [http-nio-9070-exec-1] Got the request-->/dashboard/overview/beneficiaryWiseDispensation:
2023-09-21 12:00:30,870 INFO gov.naco.soch.security.JwtAuthenticationFilter [http-nio-9070-exec-1] Processing request --> username-->null:request-->/dashboard/overview/beneficiaryWiseDispensation:
2023-09-21 12:00:33,611 INFO gov.naco.soch.security.JwtAuthenticationFilter [http-nio-9070-exec-1] APIEXECUTIONTIME /dashboard/overview/beneficiaryWiseDispensation-->username-->null:-->2814 ms
2023-09-21 12:04:58,456 INFO gov.naco.soch.security.JwtAuthenticationFilter [http-nio-9070-exec-5] Got the request-->/dashboard/overview/beneficiaryWiseDispensation:
2023-09-21 12:04:58,458 INFO gov.naco.soch.security.JwtAuthenticationFilter [http-nio-9070-exec-5] Processing request --> username-->null:request-->/dashboard/overview/beneficiaryWiseDispensation:
2023-09-21 12:05:01,101 INFO gov.naco.soch.security.JwtAuthenticationFilter [http-nio-9070-exec-5] APIEXECUTIONTIME /dashboard/overview/beneficiaryWiseDispensation-->username-->null:-->2645 ms
