2024-03-21 17:06:58,648 INFO gov.naco.soch.dashboard.DashboardApplication [restartedMain] Starting DashboardApplication on DESKTOP-N2FUUPQ with PID 2552 (D:\sochbackend\dashboard\target\classes started by NACO in D:\sochbackend\dashboard)
2024-03-21 17:06:58,664 INFO gov.naco.soch.dashboard.DashboardApplication [restartedMain] The following profiles are active: @env@
2024-03-21 17:06:58,711 INFO org.springframework.boot.devtools.restart.ChangeableUrls [restartedMain] The Class-Path manifest attribute in C:\Users\NACO\.m2\repository\org\glassfish\jaxb\jaxb-runtime\2.3.2\jaxb-runtime-2.3.2.jar referenced one or more files that do not exist: file:/C:/Users/NACO/.m2/repository/org/glassfish/jaxb/jaxb-runtime/2.3.2/jakarta.xml.bind-api-2.3.2.jar,file:/C:/Users/NACO/.m2/repository/org/glassfish/jaxb/jaxb-runtime/2.3.2/txw2-2.3.2.jar,file:/C:/Users/NACO/.m2/repository/org/glassfish/jaxb/jaxb-runtime/2.3.2/istack-commons-runtime-3.0.8.jar,file:/C:/Users/NACO/.m2/repository/org/glassfish/jaxb/jaxb-runtime/2.3.2/stax-ex-1.8.1.jar,file:/C:/Users/NACO/.m2/repository/org/glassfish/jaxb/jaxb-runtime/2.3.2/FastInfoset-1.2.16.jar,file:/C:/Users/NACO/.m2/repository/org/glassfish/jaxb/jaxb-runtime/2.3.2/jakarta.activation-api-1.2.1.jar
2024-03-21 17:06:58,711 INFO org.springframework.boot.devtools.env.DevToolsPropertyDefaultsPostProcessor [restartedMain] Devtools property defaults active! Set 'spring.devtools.add-properties' to 'false' to disable
2024-03-21 17:06:58,711 INFO org.springframework.boot.devtools.env.DevToolsPropertyDefaultsPostProcessor [restartedMain] For additional web related logging consider setting the 'logging.level.web' property to 'DEBUG'
2024-03-21 17:06:59,506 INFO org.springframework.data.repository.config.RepositoryConfigurationDelegate [restartedMain] Bootstrapping Spring Data JPA repositories in DEFAULT mode.
2024-03-21 17:07:00,738 INFO org.springframework.data.repository.config.RepositoryConfigurationDelegate [restartedMain] Finished Spring Data repository scanning in 1224ms. Found 457 JPA repository interfaces.
2024-03-21 17:07:01,705 INFO org.springframework.context.support.PostProcessorRegistrationDelegate$BeanPostProcessorChecker [restartedMain] Bean 'org.springframework.transaction.annotation.ProxyTransactionManagementConfiguration' of type [org.springframework.transaction.annotation.ProxyTransactionManagementConfiguration] is not eligible for getting processed by all BeanPostProcessors (for example: not eligible for auto-proxying)
2024-03-21 17:07:01,760 INFO org.springframework.context.support.PostProcessorRegistrationDelegate$BeanPostProcessorChecker [restartedMain] Bean 'org.springframework.security.config.annotation.configuration.ObjectPostProcessorConfiguration' of type [org.springframework.security.config.annotation.configuration.ObjectPostProcessorConfiguration] is not eligible for getting processed by all BeanPostProcessors (for example: not eligible for auto-proxying)
2024-03-21 17:07:01,768 INFO org.springframework.context.support.PostProcessorRegistrationDelegate$BeanPostProcessorChecker [restartedMain] Bean 'objectPostProcessor' of type [org.springframework.security.config.annotation.configuration.AutowireBeanFactoryObjectPostProcessor] is not eligible for getting processed by all BeanPostProcessors (for example: not eligible for auto-proxying)
2024-03-21 17:07:01,770 INFO org.springframework.context.support.PostProcessorRegistrationDelegate$BeanPostProcessorChecker [restartedMain] Bean 'org.springframework.security.access.expression.method.DefaultMethodSecurityExpressionHandler@529826b8' of type [org.springframework.security.access.expression.method.DefaultMethodSecurityExpressionHandler] is not eligible for getting processed by all BeanPostProcessors (for example: not eligible for auto-proxying)
2024-03-21 17:07:01,780 INFO org.springframework.context.support.PostProcessorRegistrationDelegate$BeanPostProcessorChecker [restartedMain] Bean 'org.springframework.security.config.annotation.method.configuration.GlobalMethodSecurityConfiguration' of type [org.springframework.security.config.annotation.method.configuration.GlobalMethodSecurityConfiguration] is not eligible for getting processed by all BeanPostProcessors (for example: not eligible for auto-proxying)
2024-03-21 17:07:01,784 INFO org.springframework.context.support.PostProcessorRegistrationDelegate$BeanPostProcessorChecker [restartedMain] Bean 'methodSecurityMetadataSource' of type [org.springframework.security.access.method.DelegatingMethodSecurityMetadataSource] is not eligible for getting processed by all BeanPostProcessors (for example: not eligible for auto-proxying)
2024-03-21 17:07:02,539 INFO org.springframework.boot.web.embedded.tomcat.TomcatWebServer [restartedMain] Tomcat initialized with port(s): 9070 (http)
2024-03-21 17:07:02,550 INFO org.apache.catalina.core.StandardService [restartedMain] Starting service [Tomcat]
2024-03-21 17:07:02,550 INFO org.apache.catalina.core.StandardEngine [restartedMain] Starting Servlet engine: [Apache Tomcat/9.0.29]
2024-03-21 17:07:02,663 INFO org.apache.catalina.core.ContainerBase.[Tomcat].[localhost].[/dashboard] [restartedMain] Initializing Spring embedded WebApplicationContext
2024-03-21 17:07:02,664 INFO org.springframework.web.context.ContextLoader [restartedMain] Root WebApplicationContext: initialization completed in 3953 ms
2024-03-21 17:07:03,327 INFO org.hibernate.jpa.internal.util.LogHelper [restartedMain] HHH000204: Processing PersistenceUnitInfo [name: default]
2024-03-21 17:07:03,432 INFO org.hibernate.Version [restartedMain] HHH000412: Hibernate Core {5.4.9.Final}
2024-03-21 17:07:03,603 INFO org.hibernate.annotations.common.Version [restartedMain] HCANN000001: Hibernate Commons Annotations {5.1.0.Final}
2024-03-21 17:07:03,910 INFO org.hibernate.dialect.Dialect [restartedMain] HHH000400: Using dialect: org.hibernate.dialect.PostgreSQLDialect
2024-03-21 17:07:06,029 WARN org.hibernate.boot.internal.InFlightMetadataCollectorImpl [restartedMain] HHH000069: Duplicate generator name tiOstBeneficiary
2024-03-21 17:07:06,507 WARN org.hibernate.orm.cache [restartedMain] HHH90001006: Missing cache[default-update-timestamps-region] was created on-the-fly. The created cache will use a provider-specific default configuration: make sure you defined one. You can disable this warning by setting 'hibernate.javax.cache.missing_cache_strategy' to 'create'.
2024-03-21 17:07:06,620 INFO org.ehcache.core.EhcacheManager [restartedMain] Cache 'default-update-timestamps-region' created in EhcacheManager.
2024-03-21 17:07:06,628 WARN org.hibernate.orm.cache [restartedMain] HHH90001006: Missing cache[default-query-results-region] was created on-the-fly. The created cache will use a provider-specific default configuration: make sure you defined one. You can disable this warning by setting 'hibernate.javax.cache.missing_cache_strategy' to 'create'.
2024-03-21 17:07:06,630 INFO org.ehcache.core.EhcacheManager [restartedMain] Cache 'default-query-results-region' created in EhcacheManager.
2024-03-21 17:07:10,814 INFO org.hibernate.engine.transaction.jta.platform.internal.JtaPlatformInitiator [restartedMain] HHH000490: Using JtaPlatform implementation: [org.hibernate.engine.transaction.jta.platform.internal.NoJtaPlatform]
2024-03-21 17:07:11,255 INFO org.springframework.orm.jpa.LocalContainerEntityManagerFactoryBean [restartedMain] Initialized JPA EntityManagerFactory for persistence unit 'default'
2024-03-21 17:07:15,292 INFO gov.naco.soch.security.WebSecurityConfig [restartedMain] Server is starting with crossDomainAllowedOrigins->:
2024-03-21 17:07:15,355 INFO org.springframework.security.web.DefaultSecurityFilterChain [restartedMain] Creating filter chain: any request, [org.springframework.security.web.context.request.async.WebAsyncManagerIntegrationFilter@44713663, org.springframework.security.web.context.SecurityContextPersistenceFilter@1e9d4865, org.springframework.security.web.header.HeaderWriterFilter@336bf9d3, org.springframework.web.filter.CorsFilter@17a23d3c, org.springframework.security.web.authentication.logout.LogoutFilter@2a6fe3be, gov.naco.soch.security.JwtAuthenticationFilter@3ba40743, org.springframework.security.web.savedrequest.RequestCacheAwareFilter@50fc8d0e, org.springframework.security.web.servletapi.SecurityContextHolderAwareRequestFilter@5b88810f, org.springframework.security.web.authentication.AnonymousAuthenticationFilter@795d45bb, org.springframework.security.web.session.SessionManagementFilter@13583e10, org.springframework.security.web.access.ExceptionTranslationFilter@27f65b65, org.springframework.security.web.access.intercept.FilterSecurityInterceptor@48c21ff3]
2024-03-21 17:07:24,134 INFO org.springframework.scheduling.concurrent.ThreadPoolTaskExecutor [restartedMain] Initializing ExecutorService 'applicationTaskExecutor'
2024-03-21 17:07:24,361 INFO org.springframework.scheduling.concurrent.ThreadPoolTaskScheduler [restartedMain] Initializing ExecutorService 'taskScheduler'
2024-03-21 17:07:24,534 WARN org.springframework.boot.devtools.autoconfigure.OptionalLiveReloadServer [restartedMain] Unable to start LiveReload server
2024-03-21 17:07:24,652 INFO org.springframework.boot.web.embedded.tomcat.TomcatWebServer [restartedMain] Tomcat started on port(s): 9070 (http) with context path '/dashboard'
2024-03-21 17:07:24,665 INFO gov.naco.soch.dashboard.DashboardApplication [restartedMain] Started DashboardApplication in 26.427 seconds (JVM running for 26.954)
2024-03-21 17:07:47,815 INFO org.apache.catalina.core.ContainerBase.[Tomcat].[localhost].[/dashboard] [http-nio-9070-exec-7] Initializing Spring DispatcherServlet 'dispatcherServlet'
2024-03-21 17:07:47,816 INFO org.springframework.web.servlet.DispatcherServlet [http-nio-9070-exec-7] Initializing Servlet 'dispatcherServlet'
2024-03-21 17:07:47,822 INFO org.springframework.web.servlet.DispatcherServlet [http-nio-9070-exec-7] Completed initialization in 6 ms
2024-03-21 17:07:47,851 INFO gov.naco.soch.security.JwtAuthenticationFilter [http-nio-9070-exec-8] Got the request-->/dashboard/index/beneficiaryICTC/list:
2024-03-21 17:07:47,914 INFO gov.naco.soch.security.JwtAuthenticationFilter [http-nio-9070-exec-8] Processing request --> username-->ICTCRAJ:request-->/dashboard/index/beneficiaryICTC/list:
2024-03-21 17:09:50,480 INFO gov.naco.soch.security.JwtAuthenticationFilter [http-nio-9070-exec-8] APIEXECUTIONTIME /dashboard/index/beneficiaryICTC/list-->username-->ICTCRAJ:-->122629 ms
2024-03-21 17:10:36,524 INFO gov.naco.soch.security.JwtAuthenticationFilter [http-nio-9070-exec-2] Got the request-->/dashboard/index/beneficiary/37133358:
2024-03-21 17:10:36,527 INFO gov.naco.soch.security.JwtAuthenticationFilter [http-nio-9070-exec-2] Processing request --> username-->ICTCRAJ:request-->/dashboard/index/beneficiary/37133358:
2024-03-21 17:10:36,666 INFO gov.naco.soch.security.JwtAuthenticationFilter [http-nio-9070-exec-2] APIEXECUTIONTIME /dashboard/index/beneficiary/37133358-->username-->ICTCRAJ:-->142 ms
2024-03-21 17:11:08,442 INFO gov.naco.soch.security.JwtAuthenticationFilter [http-nio-9070-exec-10] Got the request-->/dashboard/index/saveBeneficiaryIndex:
2024-03-21 17:11:08,443 INFO gov.naco.soch.security.JwtAuthenticationFilter [http-nio-9070-exec-10] Processing request --> username-->ICTCRAJ:request-->/dashboard/index/saveBeneficiaryIndex:
2024-03-21 17:11:08,617 INFO gov.naco.soch.security.JwtAuthenticationFilter [http-nio-9070-exec-10] APIEXECUTIONTIME /dashboard/index/saveBeneficiaryIndex-->username-->ICTCRAJ:-->175 ms
2024-03-21 17:11:08,639 INFO gov.naco.soch.security.JwtAuthenticationFilter [http-nio-9070-exec-5] Got the request-->/dashboard/index/beneficiary/37133358:
2024-03-21 17:11:08,641 INFO gov.naco.soch.security.JwtAuthenticationFilter [http-nio-9070-exec-5] Processing request --> username-->ICTCRAJ:request-->/dashboard/index/beneficiary/37133358:
2024-03-21 17:11:08,654 INFO gov.naco.soch.security.JwtAuthenticationFilter [http-nio-9070-exec-5] APIEXECUTIONTIME /dashboard/index/beneficiary/37133358-->username-->ICTCRAJ:-->15 ms
2024-03-21 17:11:20,431 INFO gov.naco.soch.security.JwtAuthenticationFilter [http-nio-9070-exec-4] Got the request-->/dashboard/index/beneficiary/37133358:
2024-03-21 17:11:20,433 INFO gov.naco.soch.security.JwtAuthenticationFilter [http-nio-9070-exec-4] Processing request --> username-->ICTCRAJ:request-->/dashboard/index/beneficiary/37133358:
2024-03-21 17:11:20,444 INFO gov.naco.soch.security.JwtAuthenticationFilter [http-nio-9070-exec-4] APIEXECUTIONTIME /dashboard/index/beneficiary/37133358-->username-->ICTCRAJ:-->13 ms
2024-03-21 17:11:49,909 INFO gov.naco.soch.security.JwtAuthenticationFilter [http-nio-9070-exec-8] Got the request-->/dashboard/Reports/facilities:
2024-03-21 17:11:49,914 INFO gov.naco.soch.security.JwtAuthenticationFilter [http-nio-9070-exec-8] Processing request --> username-->ICTCRAJ:request-->/dashboard/Reports/facilities:
2024-03-21 17:11:56,260 INFO gov.naco.soch.security.JwtAuthenticationFilter [http-nio-9070-exec-8] APIEXECUTIONTIME /dashboard/Reports/facilities-->username-->ICTCRAJ:-->6351 ms
2024-03-21 17:12:02,737 INFO gov.naco.soch.security.JwtAuthenticationFilter [http-nio-9070-exec-2] Got the request-->/dashboard/index/indexReferral:
2024-03-21 17:12:02,738 INFO gov.naco.soch.security.JwtAuthenticationFilter [http-nio-9070-exec-2] Processing request --> username-->ICTCRAJ:request-->/dashboard/index/indexReferral:
2024-03-21 17:12:02,774 INFO gov.naco.soch.singelton.LoggerSingleton [http-nio-9070-exec-2] 2024-03-21 date
2024-03-21 17:12:02,774 INFO gov.naco.soch.singelton.LoggerSingleton [http-nio-9070-exec-2] 1 statusId
2024-03-21 17:12:02,774 INFO gov.naco.soch.singelton.LoggerSingleton [http-nio-9070-exec-2] dd
2024-03-21 17:12:02,850 INFO gov.naco.soch.singelton.LoggerSingleton [http-nio-9070-exec-2] 28 : sskid
2024-03-21 17:12:03,033 INFO gov.naco.soch.singelton.LoggerSingleton [http-nio-9070-exec-2] 28sskid
2024-03-21 17:12:03,034 INFO gov.naco.soch.singelton.LoggerSingleton [http-nio-9070-exec-2] 52640831beneficiaryId
2024-03-21 17:12:05,712 INFO gov.naco.soch.singelton.LoggerSingleton [http-nio-9070-exec-2] 52640831
2024-03-21 17:12:05,714 INFO gov.naco.soch.singelton.LoggerSingleton [http-nio-9070-exec-2] U00052640831x
2024-03-21 17:12:05,717 INFO gov.naco.soch.singelton.LoggerSingleton [http-nio-9070-exec-2] 52640831xx
2024-03-21 17:12:08,149 INFO gov.naco.soch.security.JwtAuthenticationFilter [http-nio-9070-exec-2] APIEXECUTIONTIME /dashboard/index/indexReferral-->username-->ICTCRAJ:-->5412 ms
2024-03-21 17:12:08,245 INFO gov.naco.soch.security.JwtAuthenticationFilter [http-nio-9070-exec-10] Got the request-->/dashboard/index/beneficiary/37133358:
2024-03-21 17:12:08,246 INFO gov.naco.soch.security.JwtAuthenticationFilter [http-nio-9070-exec-10] Processing request --> username-->ICTCRAJ:request-->/dashboard/index/beneficiary/37133358:
2024-03-21 17:12:08,257 INFO gov.naco.soch.security.JwtAuthenticationFilter [http-nio-9070-exec-10] APIEXECUTIONTIME /dashboard/index/beneficiary/37133358-->username-->ICTCRAJ:-->12 ms
