2023-09-22 16:36:44,355 INFO gov.naco.soch.dashboard.DashboardApplication [restartedMain] Starting DashboardApplication on DESKTOP-KI0ECHQ with PID 43240 (started by Neco it in C:\Users\Neco it\sochbackend\DashBoard)
2023-09-22 16:36:44,357 INFO gov.naco.soch.dashboard.DashboardApplication [restartedMain] The following profiles are active: @env@
2023-09-22 16:36:44,412 INFO org.springframework.boot.devtools.restart.ChangeableUrls [restartedMain] The Class-Path manifest attribute in C:\Users\Neco it\.m2\repository\org\glassfish\jaxb\jaxb-runtime\2.3.2\jaxb-runtime-2.3.2.jar referenced one or more files that do not exist: file:/C:/Users/Neco%20it/.m2/repository/org/glassfish/jaxb/jaxb-runtime/2.3.2/jakarta.xml.bind-api-2.3.2.jar,file:/C:/Users/Neco%20it/.m2/repository/org/glassfish/jaxb/jaxb-runtime/2.3.2/txw2-2.3.2.jar,file:/C:/Users/Neco%20it/.m2/repository/org/glassfish/jaxb/jaxb-runtime/2.3.2/istack-commons-runtime-3.0.8.jar,file:/C:/Users/Neco%20it/.m2/repository/org/glassfish/jaxb/jaxb-runtime/2.3.2/stax-ex-1.8.1.jar,file:/C:/Users/Neco%20it/.m2/repository/org/glassfish/jaxb/jaxb-runtime/2.3.2/FastInfoset-1.2.16.jar,file:/C:/Users/Neco%20it/.m2/repository/org/glassfish/jaxb/jaxb-runtime/2.3.2/jakarta.activation-api-1.2.1.jar
2023-09-22 16:36:44,417 INFO org.springframework.boot.devtools.env.DevToolsPropertyDefaultsPostProcessor [restartedMain] Devtools property defaults active! Set 'spring.devtools.add-properties' to 'false' to disable
2023-09-22 16:36:44,417 INFO org.springframework.boot.devtools.env.DevToolsPropertyDefaultsPostProcessor [restartedMain] For additional web related logging consider setting the 'logging.level.web' property to 'DEBUG'
2023-09-22 16:36:45,780 INFO org.springframework.data.repository.config.RepositoryConfigurationDelegate [restartedMain] Bootstrapping Spring Data JPA repositories in DEFAULT mode.
2023-09-22 16:36:47,110 INFO org.springframework.data.repository.config.RepositoryConfigurationDelegate [restartedMain] Finished Spring Data repository scanning in 1324ms. Found 453 JPA repository interfaces.
2023-09-22 16:36:47,834 INFO org.springframework.context.support.PostProcessorRegistrationDelegate$BeanPostProcessorChecker [restartedMain] Bean 'org.springframework.transaction.annotation.ProxyTransactionManagementConfiguration' of type [org.springframework.transaction.annotation.ProxyTransactionManagementConfiguration] is not eligible for getting processed by all BeanPostProcessors (for example: not eligible for auto-proxying)
2023-09-22 16:36:47,875 INFO org.springframework.context.support.PostProcessorRegistrationDelegate$BeanPostProcessorChecker [restartedMain] Bean 'org.springframework.security.config.annotation.configuration.ObjectPostProcessorConfiguration' of type [org.springframework.security.config.annotation.configuration.ObjectPostProcessorConfiguration] is not eligible for getting processed by all BeanPostProcessors (for example: not eligible for auto-proxying)
2023-09-22 16:36:47,879 INFO org.springframework.context.support.PostProcessorRegistrationDelegate$BeanPostProcessorChecker [restartedMain] Bean 'objectPostProcessor' of type [org.springframework.security.config.annotation.configuration.AutowireBeanFactoryObjectPostProcessor] is not eligible for getting processed by all BeanPostProcessors (for example: not eligible for auto-proxying)
2023-09-22 16:36:47,880 INFO org.springframework.context.support.PostProcessorRegistrationDelegate$BeanPostProcessorChecker [restartedMain] Bean 'org.springframework.security.access.expression.method.DefaultMethodSecurityExpressionHandler@4e4440d1' of type [org.springframework.security.access.expression.method.DefaultMethodSecurityExpressionHandler] is not eligible for getting processed by all BeanPostProcessors (for example: not eligible for auto-proxying)
2023-09-22 16:36:47,881 INFO org.springframework.context.support.PostProcessorRegistrationDelegate$BeanPostProcessorChecker [restartedMain] Bean 'org.springframework.security.config.annotation.method.configuration.GlobalMethodSecurityConfiguration' of type [org.springframework.security.config.annotation.method.configuration.GlobalMethodSecurityConfiguration] is not eligible for getting processed by all BeanPostProcessors (for example: not eligible for auto-proxying)
2023-09-22 16:36:47,884 INFO org.springframework.context.support.PostProcessorRegistrationDelegate$BeanPostProcessorChecker [restartedMain] Bean 'methodSecurityMetadataSource' of type [org.springframework.security.access.method.DelegatingMethodSecurityMetadataSource] is not eligible for getting processed by all BeanPostProcessors (for example: not eligible for auto-proxying)
2023-09-22 16:36:48,260 INFO org.springframework.boot.web.embedded.tomcat.TomcatWebServer [restartedMain] Tomcat initialized with port(s): 9070 (http)
2023-09-22 16:36:48,269 INFO org.apache.catalina.core.StandardService [restartedMain] Starting service [Tomcat]
2023-09-22 16:36:48,269 INFO org.apache.catalina.core.StandardEngine [restartedMain] Starting Servlet engine: [Apache Tomcat/9.0.29]
2023-09-22 16:36:48,388 INFO org.apache.catalina.core.ContainerBase.[Tomcat].[localhost].[/dashboard] [restartedMain] Initializing Spring embedded WebApplicationContext
2023-09-22 16:36:48,389 INFO org.springframework.web.context.ContextLoader [restartedMain] Root WebApplicationContext: initialization completed in 3972 ms
2023-09-22 16:36:48,826 INFO org.hibernate.jpa.internal.util.LogHelper [restartedMain] HHH000204: Processing PersistenceUnitInfo [name: default]
2023-09-22 16:36:48,893 INFO org.hibernate.Version [restartedMain] HHH000412: Hibernate Core {5.4.9.Final}
2023-09-22 16:36:49,010 INFO org.hibernate.annotations.common.Version [restartedMain] HCANN000001: Hibernate Commons Annotations {5.1.0.Final}
2023-09-22 16:36:49,234 INFO org.hibernate.dialect.Dialect [restartedMain] HHH000400: Using dialect: org.hibernate.dialect.PostgreSQLDialect
2023-09-22 16:36:50,416 WARN org.hibernate.boot.internal.InFlightMetadataCollectorImpl [restartedMain] HHH000069: Duplicate generator name tiOstBeneficiary
2023-09-22 16:36:50,679 WARN org.hibernate.orm.cache [restartedMain] HHH90001006: Missing cache[default-update-timestamps-region] was created on-the-fly. The created cache will use a provider-specific default configuration: make sure you defined one. You can disable this warning by setting 'hibernate.javax.cache.missing_cache_strategy' to 'create'.
2023-09-22 16:36:50,748 INFO org.ehcache.core.EhcacheManager [restartedMain] Cache 'default-update-timestamps-region' created in EhcacheManager.
2023-09-22 16:36:50,757 WARN org.hibernate.orm.cache [restartedMain] HHH90001006: Missing cache[default-query-results-region] was created on-the-fly. The created cache will use a provider-specific default configuration: make sure you defined one. You can disable this warning by setting 'hibernate.javax.cache.missing_cache_strategy' to 'create'.
2023-09-22 16:36:50,758 INFO org.ehcache.core.EhcacheManager [restartedMain] Cache 'default-query-results-region' created in EhcacheManager.
2023-09-22 16:36:53,831 INFO org.hibernate.engine.transaction.jta.platform.internal.JtaPlatformInitiator [restartedMain] HHH000490: Using JtaPlatform implementation: [org.hibernate.engine.transaction.jta.platform.internal.NoJtaPlatform]
2023-09-22 16:36:54,039 INFO org.springframework.orm.jpa.LocalContainerEntityManagerFactoryBean [restartedMain] Initialized JPA EntityManagerFactory for persistence unit 'default'
2023-09-22 16:36:56,602 INFO gov.naco.soch.security.WebSecurityConfig [restartedMain] Server is starting with crossDomainAllowedOrigins->:
2023-09-22 16:36:56,649 INFO org.springframework.security.web.DefaultSecurityFilterChain [restartedMain] Creating filter chain: any request, [org.springframework.security.web.context.request.async.WebAsyncManagerIntegrationFilter@755eb15c, org.springframework.security.web.context.SecurityContextPersistenceFilter@62c7a3d4, org.springframework.security.web.header.HeaderWriterFilter@52fc1754, org.springframework.web.filter.CorsFilter@73a8a73f, org.springframework.security.web.authentication.logout.LogoutFilter@3e6d6418, gov.naco.soch.security.JwtAuthenticationFilter@1f1cf517, org.springframework.security.web.savedrequest.RequestCacheAwareFilter@426b8f1c, org.springframework.security.web.servletapi.SecurityContextHolderAwareRequestFilter@30b20e3e, org.springframework.security.web.authentication.AnonymousAuthenticationFilter@17677cbe, org.springframework.security.web.session.SessionManagementFilter@13ac6584, org.springframework.security.web.access.ExceptionTranslationFilter@2ba95832, org.springframework.security.web.access.intercept.FilterSecurityInterceptor@54a28320]
2023-09-22 16:37:01,007 INFO org.springframework.data.projection.DefaultProjectionInformation$PropertyDescriptorSource [restartedMain] Couldn't read class metadata for interface java.util.Map. Input property calculation might fail!
2023-09-22 16:37:03,694 INFO org.springframework.scheduling.concurrent.ThreadPoolTaskExecutor [restartedMain] Initializing ExecutorService 'applicationTaskExecutor'
2023-09-22 16:37:03,857 INFO org.springframework.scheduling.concurrent.ThreadPoolTaskScheduler [restartedMain] Initializing ExecutorService 'taskScheduler'
2023-09-22 16:37:04,169 INFO org.springframework.boot.devtools.autoconfigure.OptionalLiveReloadServer [restartedMain] LiveReload server is running on port 35729
2023-09-22 16:37:04,249 INFO org.springframework.boot.web.embedded.tomcat.TomcatWebServer [restartedMain] Tomcat started on port(s): 9070 (http) with context path '/dashboard'
2023-09-22 16:37:04,258 INFO gov.naco.soch.dashboard.DashboardApplication [restartedMain] Started DashboardApplication in 20.364 seconds (JVM running for 20.979)
2023-09-22 16:37:33,158 INFO org.apache.catalina.core.ContainerBase.[Tomcat].[localhost].[/dashboard] [http-nio-9070-exec-2] Initializing Spring DispatcherServlet 'dispatcherServlet'
2023-09-22 16:37:33,158 INFO org.springframework.web.servlet.DispatcherServlet [http-nio-9070-exec-2] Initializing Servlet 'dispatcherServlet'
2023-09-22 16:37:33,163 INFO org.springframework.web.servlet.DispatcherServlet [http-nio-9070-exec-2] Completed initialization in 5 ms
2023-09-22 16:37:33,177 INFO gov.naco.soch.security.JwtAuthenticationFilter [http-nio-9070-exec-2] Got the request-->/dashboard/facility/facilityIdCount:
2023-09-22 16:37:33,231 INFO gov.naco.soch.security.JwtAuthenticationFilter [http-nio-9070-exec-2] Processing request --> username-->null:request-->/dashboard/facility/facilityIdCount:
2023-09-22 16:37:33,834 INFO gov.naco.soch.security.JwtAuthenticationFilter [http-nio-9070-exec-2] APIEXECUTIONTIME /dashboard/facility/facilityIdCount-->username-->null:-->657 ms
2023-09-22 16:38:15,961 INFO gov.naco.soch.security.JwtAuthenticationFilter [http-nio-9070-exec-3] Got the request-->/dashboard/Reports/facilityIdCount/dispensationReport:
2023-09-22 16:38:15,962 ERROR gov.naco.soch.security.JwtAuthenticationFilter [http-nio-9070-exec-3] Authentication Failed. No token!!
2023-09-22 16:38:23,593 INFO gov.naco.soch.security.JwtAuthenticationFilter [http-nio-9070-exec-4] Got the request-->/dashboard/Reports/facilityIdCount/dispensationReport:
2023-09-22 16:38:23,594 ERROR gov.naco.soch.security.JwtAuthenticationFilter [http-nio-9070-exec-4] Authentication Failed. Invalid token!!
2023-09-22 16:38:30,060 INFO gov.naco.soch.security.JwtAuthenticationFilter [http-nio-9070-exec-5] Got the request-->/dashboard/Reports/facilityIdCount/dispensationReport:
2023-09-22 16:38:30,061 INFO gov.naco.soch.security.JwtAuthenticationFilter [http-nio-9070-exec-5] Processing request --> username-->null:request-->/dashboard/Reports/facilityIdCount/dispensationReport:
2023-09-22 16:38:30,066 INFO gov.naco.soch.security.JwtAuthenticationFilter [http-nio-9070-exec-5] APIEXECUTIONTIME /dashboard/Reports/facilityIdCount/dispensationReport-->username-->null:-->6 ms
2023-09-22 16:56:25,962 INFO gov.naco.soch.security.JwtAuthenticationFilter [http-nio-9070-exec-6] Got the request-->/dashboard/Reports/MasterLine:
2023-09-22 16:56:25,964 ERROR gov.naco.soch.security.JwtAuthenticationFilter [http-nio-9070-exec-6] Authentication Failed. Invalid token!!
2023-09-22 16:57:13,662 INFO gov.naco.soch.security.JwtAuthenticationFilter [http-nio-9070-exec-7] Got the request-->/dashboard/Reports/MasterLine:
2023-09-22 16:57:13,662 ERROR gov.naco.soch.security.JwtAuthenticationFilter [http-nio-9070-exec-7] Authentication Failed. Invalid token!!
2023-09-22 16:57:35,843 INFO gov.naco.soch.security.JwtAuthenticationFilter [http-nio-9070-exec-8] Got the request-->/dashboard/Reports/MasterLine:
2023-09-22 16:57:35,844 INFO gov.naco.soch.security.JwtAuthenticationFilter [http-nio-9070-exec-8] Processing request --> username-->null:request-->/dashboard/Reports/MasterLine:
2023-09-22 16:57:37,785 INFO gov.naco.soch.security.JwtAuthenticationFilter [http-nio-9070-exec-8] APIEXECUTIONTIME /dashboard/Reports/MasterLine-->username-->null:-->1942 ms
2023-09-22 16:57:45,748 INFO gov.naco.soch.security.JwtAuthenticationFilter [http-nio-9070-exec-9] Got the request-->/dashboard/Reports/MasterLine:
2023-09-22 16:57:45,749 ERROR gov.naco.soch.security.JwtAuthenticationFilter [http-nio-9070-exec-9] Authentication Failed. Invalid token!!
2023-09-22 16:59:23,710 INFO gov.naco.soch.security.JwtAuthenticationFilter [http-nio-9070-exec-2] Got the request-->/dashboard/Reports/MasterLine:
2023-09-22 16:59:23,711 INFO gov.naco.soch.security.JwtAuthenticationFilter [http-nio-9070-exec-2] Processing request --> username-->null:request-->/dashboard/Reports/MasterLine:
2023-09-22 16:59:24,370 INFO gov.naco.soch.security.JwtAuthenticationFilter [http-nio-9070-exec-2] APIEXECUTIONTIME /dashboard/Reports/MasterLine-->username-->null:-->660 ms
2023-09-22 17:00:12,000 INFO gov.naco.soch.security.JwtAuthenticationFilter [http-nio-9070-exec-3] Got the request-->/dashboard/Reports/MasterLine:
2023-09-22 17:00:12,001 ERROR gov.naco.soch.security.JwtAuthenticationFilter [http-nio-9070-exec-3] Authentication Failed. Invalid token!!
2023-09-22 17:00:16,776 INFO gov.naco.soch.security.JwtAuthenticationFilter [http-nio-9070-exec-4] Got the request-->/dashboard/Reports/MasterLine:
2023-09-22 17:00:16,777 INFO gov.naco.soch.security.JwtAuthenticationFilter [http-nio-9070-exec-4] Processing request --> username-->null:request-->/dashboard/Reports/MasterLine:
2023-09-22 17:00:17,228 INFO gov.naco.soch.security.JwtAuthenticationFilter [http-nio-9070-exec-4] APIEXECUTIONTIME /dashboard/Reports/MasterLine-->username-->null:-->452 ms
2023-09-22 17:16:43,600 INFO gov.naco.soch.security.JwtAuthenticationFilter [http-nio-9070-exec-7] Got the request-->/dashboard/Reports/MasterLine:
2023-09-22 17:16:43,602 ERROR gov.naco.soch.security.JwtAuthenticationFilter [http-nio-9070-exec-7] Authentication Failed. Invalid token!!
2023-09-22 17:17:02,347 INFO gov.naco.soch.security.JwtAuthenticationFilter [http-nio-9070-exec-8] Got the request-->/dashboard/Reports/MasterLine:
2023-09-22 17:17:02,350 INFO gov.naco.soch.security.JwtAuthenticationFilter [http-nio-9070-exec-8] Processing request --> username-->null:request-->/dashboard/Reports/MasterLine:
2023-09-22 17:17:02,762 INFO gov.naco.soch.security.JwtAuthenticationFilter [http-nio-9070-exec-8] APIEXECUTIONTIME /dashboard/Reports/MasterLine-->username-->null:-->415 ms
2023-09-22 17:19:19,787 INFO gov.naco.soch.security.JwtAuthenticationFilter [http-nio-9070-exec-1] Got the request-->/dashboard/Reports/MasterLine:
2023-09-22 17:19:19,788 ERROR gov.naco.soch.security.JwtAuthenticationFilter [http-nio-9070-exec-1] Authentication Failed. Invalid token!!
2023-09-22 17:25:38,597 INFO gov.naco.soch.security.JwtAuthenticationFilter [http-nio-9070-exec-4] Got the request-->/dashboard/Reports/MasterLine:
2023-09-22 17:25:38,602 INFO gov.naco.soch.security.JwtAuthenticationFilter [http-nio-9070-exec-4] Processing request --> username-->RJME:request-->/dashboard/Reports/MasterLine:
2023-09-22 17:25:39,107 INFO gov.naco.soch.security.JwtAuthenticationFilter [http-nio-9070-exec-4] APIEXECUTIONTIME /dashboard/Reports/MasterLine-->username-->RJME:-->510 ms
2023-09-22 17:26:05,714 INFO gov.naco.soch.security.JwtAuthenticationFilter [http-nio-9070-exec-6] Got the request-->/dashboard/Reports/FacilityLine:
2023-09-22 17:26:05,716 INFO gov.naco.soch.security.JwtAuthenticationFilter [http-nio-9070-exec-6] Processing request --> username-->RJME:request-->/dashboard/Reports/FacilityLine:
2023-09-22 17:26:48,727 INFO gov.naco.soch.security.JwtAuthenticationFilter [http-nio-9070-exec-9] Got the request-->/dashboard/Reports/facilities:
2023-09-22 17:26:48,729 INFO gov.naco.soch.security.JwtAuthenticationFilter [http-nio-9070-exec-9] Processing request --> username-->RJME:request-->/dashboard/Reports/facilities:
2023-09-22 17:26:48,811 INFO gov.naco.soch.security.JwtAuthenticationFilter [http-nio-9070-exec-9] APIEXECUTIONTIME /dashboard/Reports/facilities-->username-->RJME:-->84 ms
2023-09-22 17:26:48,811 INFO gov.naco.soch.security.JwtAuthenticationFilter [http-nio-9070-exec-10] Got the request-->/dashboard/Reports/facilities:
2023-09-22 17:26:48,813 INFO gov.naco.soch.security.JwtAuthenticationFilter [http-nio-9070-exec-10] Processing request --> username-->RJME:request-->/dashboard/Reports/facilities:
2023-09-22 17:26:48,876 INFO gov.naco.soch.security.JwtAuthenticationFilter [http-nio-9070-exec-10] APIEXECUTIONTIME /dashboard/Reports/facilities-->username-->RJME:-->65 ms
2023-09-22 17:26:52,475 INFO gov.naco.soch.security.JwtAuthenticationFilter [http-nio-9070-exec-2] Got the request-->/dashboard/Reports/facilities:
2023-09-22 17:26:52,477 INFO gov.naco.soch.security.JwtAuthenticationFilter [http-nio-9070-exec-2] Processing request --> username-->RJME:request-->/dashboard/Reports/facilities:
2023-09-22 17:27:26,675 INFO gov.naco.soch.security.JwtAuthenticationFilter [http-nio-9070-exec-4] Got the request-->/dashboard/Reports/loginCount:
2023-09-22 17:27:26,677 INFO gov.naco.soch.security.JwtAuthenticationFilter [http-nio-9070-exec-4] Processing request --> username-->RJME:request-->/dashboard/Reports/loginCount:
2023-09-22 17:28:15,290 INFO gov.naco.soch.security.JwtAuthenticationFilter [http-nio-9070-exec-6] APIEXECUTIONTIME /dashboard/Reports/FacilityLine-->username-->RJME:-->129576 ms
2023-09-22 17:28:45,508 INFO gov.naco.soch.security.JwtAuthenticationFilter [http-nio-9070-exec-2] APIEXECUTIONTIME /dashboard/Reports/facilities-->username-->RJME:-->113033 ms
2023-09-22 17:28:45,509 INFO gov.naco.soch.security.JwtAuthenticationFilter [http-nio-9070-exec-4] APIEXECUTIONTIME /dashboard/Reports/loginCount-->username-->RJME:-->78834 ms
