2024-03-08 11:11:39,386 INFO gov.naco.soch.dashboard.DashboardApplication [restartedMain] Starting DashboardApplication on DESKTOP-N2FUUPQ with PID 392 (D:\sochbackend\dashboard\target\classes started by NACO in D:\sochbackend\dashboard)
2024-03-08 11:11:39,393 INFO gov.naco.soch.dashboard.DashboardApplication [restartedMain] The following profiles are active: @env@
2024-03-08 11:11:39,449 INFO org.springframework.boot.devtools.restart.ChangeableUrls [restartedMain] The Class-Path manifest attribute in C:\Users\NACO\.m2\repository\org\glassfish\jaxb\jaxb-runtime\2.3.2\jaxb-runtime-2.3.2.jar referenced one or more files that do not exist: file:/C:/Users/NACO/.m2/repository/org/glassfish/jaxb/jaxb-runtime/2.3.2/jakarta.xml.bind-api-2.3.2.jar,file:/C:/Users/NACO/.m2/repository/org/glassfish/jaxb/jaxb-runtime/2.3.2/txw2-2.3.2.jar,file:/C:/Users/NACO/.m2/repository/org/glassfish/jaxb/jaxb-runtime/2.3.2/istack-commons-runtime-3.0.8.jar,file:/C:/Users/NACO/.m2/repository/org/glassfish/jaxb/jaxb-runtime/2.3.2/stax-ex-1.8.1.jar,file:/C:/Users/NACO/.m2/repository/org/glassfish/jaxb/jaxb-runtime/2.3.2/FastInfoset-1.2.16.jar,file:/C:/Users/NACO/.m2/repository/org/glassfish/jaxb/jaxb-runtime/2.3.2/jakarta.activation-api-1.2.1.jar
2024-03-08 11:11:39,450 INFO org.springframework.boot.devtools.env.DevToolsPropertyDefaultsPostProcessor [restartedMain] Devtools property defaults active! Set 'spring.devtools.add-properties' to 'false' to disable
2024-03-08 11:11:39,450 INFO org.springframework.boot.devtools.env.DevToolsPropertyDefaultsPostProcessor [restartedMain] For additional web related logging consider setting the 'logging.level.web' property to 'DEBUG'
2024-03-08 11:11:48,960 INFO org.springframework.data.repository.config.RepositoryConfigurationDelegate [restartedMain] Bootstrapping Spring Data JPA repositories in DEFAULT mode.
2024-03-08 11:11:50,264 INFO org.springframework.data.repository.config.RepositoryConfigurationDelegate [restartedMain] Finished Spring Data repository scanning in 1294ms. Found 457 JPA repository interfaces.
2024-03-08 11:11:51,173 INFO org.springframework.context.support.PostProcessorRegistrationDelegate$BeanPostProcessorChecker [restartedMain] Bean 'org.springframework.transaction.annotation.ProxyTransactionManagementConfiguration' of type [org.springframework.transaction.annotation.ProxyTransactionManagementConfiguration] is not eligible for getting processed by all BeanPostProcessors (for example: not eligible for auto-proxying)
2024-03-08 11:11:51,209 INFO org.springframework.context.support.PostProcessorRegistrationDelegate$BeanPostProcessorChecker [restartedMain] Bean 'org.springframework.security.config.annotation.configuration.ObjectPostProcessorConfiguration' of type [org.springframework.security.config.annotation.configuration.ObjectPostProcessorConfiguration] is not eligible for getting processed by all BeanPostProcessors (for example: not eligible for auto-proxying)
2024-03-08 11:11:51,214 INFO org.springframework.context.support.PostProcessorRegistrationDelegate$BeanPostProcessorChecker [restartedMain] Bean 'objectPostProcessor' of type [org.springframework.security.config.annotation.configuration.AutowireBeanFactoryObjectPostProcessor] is not eligible for getting processed by all BeanPostProcessors (for example: not eligible for auto-proxying)
2024-03-08 11:11:51,215 INFO org.springframework.context.support.PostProcessorRegistrationDelegate$BeanPostProcessorChecker [restartedMain] Bean 'org.springframework.security.access.expression.method.DefaultMethodSecurityExpressionHandler@7997fb23' of type [org.springframework.security.access.expression.method.DefaultMethodSecurityExpressionHandler] is not eligible for getting processed by all BeanPostProcessors (for example: not eligible for auto-proxying)
2024-03-08 11:11:51,216 INFO org.springframework.context.support.PostProcessorRegistrationDelegate$BeanPostProcessorChecker [restartedMain] Bean 'org.springframework.security.config.annotation.method.configuration.GlobalMethodSecurityConfiguration' of type [org.springframework.security.config.annotation.method.configuration.GlobalMethodSecurityConfiguration] is not eligible for getting processed by all BeanPostProcessors (for example: not eligible for auto-proxying)
2024-03-08 11:11:51,219 INFO org.springframework.context.support.PostProcessorRegistrationDelegate$BeanPostProcessorChecker [restartedMain] Bean 'methodSecurityMetadataSource' of type [org.springframework.security.access.method.DelegatingMethodSecurityMetadataSource] is not eligible for getting processed by all BeanPostProcessors (for example: not eligible for auto-proxying)
2024-03-08 11:11:51,928 INFO org.springframework.boot.web.embedded.tomcat.TomcatWebServer [restartedMain] Tomcat initialized with port(s): 9070 (http)
2024-03-08 11:11:51,944 INFO org.apache.catalina.core.StandardService [restartedMain] Starting service [Tomcat]
2024-03-08 11:11:51,944 INFO org.apache.catalina.core.StandardEngine [restartedMain] Starting Servlet engine: [Apache Tomcat/9.0.29]
2024-03-08 11:11:52,082 INFO org.apache.catalina.core.ContainerBase.[Tomcat].[localhost].[/dashboard] [restartedMain] Initializing Spring embedded WebApplicationContext
2024-03-08 11:11:52,082 INFO org.springframework.web.context.ContextLoader [restartedMain] Root WebApplicationContext: initialization completed in 12632 ms
2024-03-08 11:11:52,755 INFO org.hibernate.jpa.internal.util.LogHelper [restartedMain] HHH000204: Processing PersistenceUnitInfo [name: default]
2024-03-08 11:11:52,840 INFO org.hibernate.Version [restartedMain] HHH000412: Hibernate Core {5.4.9.Final}
2024-03-08 11:11:52,984 INFO org.hibernate.annotations.common.Version [restartedMain] HCANN000001: Hibernate Commons Annotations {5.1.0.Final}
2024-03-08 11:11:53,337 INFO org.hibernate.dialect.Dialect [restartedMain] HHH000400: Using dialect: org.hibernate.dialect.PostgreSQLDialect
2024-03-08 11:11:54,841 WARN org.hibernate.boot.internal.InFlightMetadataCollectorImpl [restartedMain] HHH000069: Duplicate generator name tiOstBeneficiary
2024-03-08 11:11:55,275 WARN org.hibernate.orm.cache [restartedMain] HHH90001006: Missing cache[default-update-timestamps-region] was created on-the-fly. The created cache will use a provider-specific default configuration: make sure you defined one. You can disable this warning by setting 'hibernate.javax.cache.missing_cache_strategy' to 'create'.
2024-03-08 11:11:55,389 INFO org.ehcache.core.EhcacheManager [restartedMain] Cache 'default-update-timestamps-region' created in EhcacheManager.
2024-03-08 11:11:55,401 WARN org.hibernate.orm.cache [restartedMain] HHH90001006: Missing cache[default-query-results-region] was created on-the-fly. The created cache will use a provider-specific default configuration: make sure you defined one. You can disable this warning by setting 'hibernate.javax.cache.missing_cache_strategy' to 'create'.
2024-03-08 11:11:55,403 INFO org.ehcache.core.EhcacheManager [restartedMain] Cache 'default-query-results-region' created in EhcacheManager.
2024-03-08 11:11:59,483 INFO org.hibernate.engine.transaction.jta.platform.internal.JtaPlatformInitiator [restartedMain] HHH000490: Using JtaPlatform implementation: [org.hibernate.engine.transaction.jta.platform.internal.NoJtaPlatform]
2024-03-08 11:11:59,881 INFO org.springframework.orm.jpa.LocalContainerEntityManagerFactoryBean [restartedMain] Initialized JPA EntityManagerFactory for persistence unit 'default'
2024-03-08 11:12:02,808 INFO gov.naco.soch.security.WebSecurityConfig [restartedMain] Server is starting with crossDomainAllowedOrigins->:
2024-03-08 11:12:02,856 INFO org.springframework.security.web.DefaultSecurityFilterChain [restartedMain] Creating filter chain: any request, [org.springframework.security.web.context.request.async.WebAsyncManagerIntegrationFilter@ea2238c, org.springframework.security.web.context.SecurityContextPersistenceFilter@4246e6f0, org.springframework.security.web.header.HeaderWriterFilter@199c4283, org.springframework.web.filter.CorsFilter@579b5d6f, org.springframework.security.web.authentication.logout.LogoutFilter@7efa2108, gov.naco.soch.security.JwtAuthenticationFilter@195458d8, org.springframework.security.web.savedrequest.RequestCacheAwareFilter@3bd1dc58, org.springframework.security.web.servletapi.SecurityContextHolderAwareRequestFilter@36bbb30f, org.springframework.security.web.authentication.AnonymousAuthenticationFilter@73e997dd, org.springframework.security.web.session.SessionManagementFilter@544f5780, org.springframework.security.web.access.ExceptionTranslationFilter@2f50a374, org.springframework.security.web.access.intercept.FilterSecurityInterceptor@bced03d]
2024-03-08 11:12:11,856 INFO org.springframework.scheduling.concurrent.ThreadPoolTaskExecutor [restartedMain] Initializing ExecutorService 'applicationTaskExecutor'
2024-03-08 11:12:12,059 INFO org.springframework.scheduling.concurrent.ThreadPoolTaskScheduler [restartedMain] Initializing ExecutorService 'taskScheduler'
2024-03-08 11:12:12,212 INFO org.springframework.boot.devtools.autoconfigure.OptionalLiveReloadServer [restartedMain] LiveReload server is running on port 35729
2024-03-08 11:12:12,326 INFO org.springframework.boot.web.embedded.tomcat.TomcatWebServer [restartedMain] Tomcat started on port(s): 9070 (http) with context path '/dashboard'
2024-03-08 11:12:12,334 INFO gov.naco.soch.dashboard.DashboardApplication [restartedMain] Started DashboardApplication in 33.416 seconds (JVM running for 34.139)
2024-03-08 11:12:44,074 INFO org.springframework.scheduling.concurrent.ThreadPoolTaskScheduler [Thread-6] Shutting down ExecutorService 'taskScheduler'
2024-03-08 11:12:44,076 INFO org.springframework.scheduling.concurrent.ThreadPoolTaskExecutor [Thread-6] Shutting down ExecutorService 'applicationTaskExecutor'
2024-03-08 11:12:44,190 INFO org.springframework.orm.jpa.LocalContainerEntityManagerFactoryBean [Thread-6] Closing JPA EntityManagerFactory for persistence unit 'default'
2024-03-08 11:12:44,194 INFO org.ehcache.core.EhcacheManager [Thread-6] Cache 'default-query-results-region' removed from EhcacheManager.
2024-03-08 11:12:44,196 INFO org.ehcache.core.EhcacheManager [Thread-6] Cache 'default-update-timestamps-region' removed from EhcacheManager.
