2024-03-13 12:23:31,467 INFO gov.naco.soch.dashboard.DashboardApplication [restartedMain] Starting DashboardApplication on DESKTOP-N2FUUPQ with PID 18792 (D:\sochbackend\dashboard\target\classes started by NACO in D:\sochbackend\dashboard)
2024-03-13 12:23:31,483 INFO gov.naco.soch.dashboard.DashboardApplication [restartedMain] The following profiles are active: @env@
2024-03-13 12:23:31,532 INFO org.springframework.boot.devtools.restart.ChangeableUrls [restartedMain] The Class-Path manifest attribute in C:\Users\NACO\.m2\repository\org\glassfish\jaxb\jaxb-runtime\2.3.2\jaxb-runtime-2.3.2.jar referenced one or more files that do not exist: file:/C:/Users/NACO/.m2/repository/org/glassfish/jaxb/jaxb-runtime/2.3.2/jakarta.xml.bind-api-2.3.2.jar,file:/C:/Users/NACO/.m2/repository/org/glassfish/jaxb/jaxb-runtime/2.3.2/txw2-2.3.2.jar,file:/C:/Users/NACO/.m2/repository/org/glassfish/jaxb/jaxb-runtime/2.3.2/istack-commons-runtime-3.0.8.jar,file:/C:/Users/NACO/.m2/repository/org/glassfish/jaxb/jaxb-runtime/2.3.2/stax-ex-1.8.1.jar,file:/C:/Users/NACO/.m2/repository/org/glassfish/jaxb/jaxb-runtime/2.3.2/FastInfoset-1.2.16.jar,file:/C:/Users/NACO/.m2/repository/org/glassfish/jaxb/jaxb-runtime/2.3.2/jakarta.activation-api-1.2.1.jar
2024-03-13 12:23:31,532 INFO org.springframework.boot.devtools.env.DevToolsPropertyDefaultsPostProcessor [restartedMain] Devtools property defaults active! Set 'spring.devtools.add-properties' to 'false' to disable
2024-03-13 12:23:31,532 INFO org.springframework.boot.devtools.env.DevToolsPropertyDefaultsPostProcessor [restartedMain] For additional web related logging consider setting the 'logging.level.web' property to 'DEBUG'
2024-03-13 12:23:40,102 INFO org.springframework.data.repository.config.RepositoryConfigurationDelegate [restartedMain] Bootstrapping Spring Data JPA repositories in DEFAULT mode.
2024-03-13 12:23:41,008 INFO org.springframework.data.repository.config.RepositoryConfigurationDelegate [restartedMain] Finished Spring Data repository scanning in 905ms. Found 457 JPA repository interfaces.
2024-03-13 12:23:41,742 INFO org.springframework.context.support.PostProcessorRegistrationDelegate$BeanPostProcessorChecker [restartedMain] Bean 'org.springframework.transaction.annotation.ProxyTransactionManagementConfiguration' of type [org.springframework.transaction.annotation.ProxyTransactionManagementConfiguration] is not eligible for getting processed by all BeanPostProcessors (for example: not eligible for auto-proxying)
2024-03-13 12:23:41,773 INFO org.springframework.context.support.PostProcessorRegistrationDelegate$BeanPostProcessorChecker [restartedMain] Bean 'org.springframework.security.config.annotation.configuration.ObjectPostProcessorConfiguration' of type [org.springframework.security.config.annotation.configuration.ObjectPostProcessorConfiguration] is not eligible for getting processed by all BeanPostProcessors (for example: not eligible for auto-proxying)
2024-03-13 12:23:41,789 INFO org.springframework.context.support.PostProcessorRegistrationDelegate$BeanPostProcessorChecker [restartedMain] Bean 'objectPostProcessor' of type [org.springframework.security.config.annotation.configuration.AutowireBeanFactoryObjectPostProcessor] is not eligible for getting processed by all BeanPostProcessors (for example: not eligible for auto-proxying)
2024-03-13 12:23:41,789 INFO org.springframework.context.support.PostProcessorRegistrationDelegate$BeanPostProcessorChecker [restartedMain] Bean 'org.springframework.security.access.expression.method.DefaultMethodSecurityExpressionHandler@7dce0822' of type [org.springframework.security.access.expression.method.DefaultMethodSecurityExpressionHandler] is not eligible for getting processed by all BeanPostProcessors (for example: not eligible for auto-proxying)
2024-03-13 12:23:41,789 INFO org.springframework.context.support.PostProcessorRegistrationDelegate$BeanPostProcessorChecker [restartedMain] Bean 'org.springframework.security.config.annotation.method.configuration.GlobalMethodSecurityConfiguration' of type [org.springframework.security.config.annotation.method.configuration.GlobalMethodSecurityConfiguration] is not eligible for getting processed by all BeanPostProcessors (for example: not eligible for auto-proxying)
2024-03-13 12:23:41,789 INFO org.springframework.context.support.PostProcessorRegistrationDelegate$BeanPostProcessorChecker [restartedMain] Bean 'methodSecurityMetadataSource' of type [org.springframework.security.access.method.DelegatingMethodSecurityMetadataSource] is not eligible for getting processed by all BeanPostProcessors (for example: not eligible for auto-proxying)
2024-03-13 12:23:42,320 INFO org.springframework.boot.web.embedded.tomcat.TomcatWebServer [restartedMain] Tomcat initialized with port(s): 9070 (http)
2024-03-13 12:23:42,320 INFO org.apache.catalina.core.StandardService [restartedMain] Starting service [Tomcat]
2024-03-13 12:23:42,320 INFO org.apache.catalina.core.StandardEngine [restartedMain] Starting Servlet engine: [Apache Tomcat/9.0.29]
2024-03-13 12:23:42,430 INFO org.apache.catalina.core.ContainerBase.[Tomcat].[localhost].[/dashboard] [restartedMain] Initializing Spring embedded WebApplicationContext
2024-03-13 12:23:42,430 INFO org.springframework.web.context.ContextLoader [restartedMain] Root WebApplicationContext: initialization completed in 10898 ms
2024-03-13 12:23:42,836 INFO org.hibernate.jpa.internal.util.LogHelper [restartedMain] HHH000204: Processing PersistenceUnitInfo [name: default]
2024-03-13 12:23:42,898 INFO org.hibernate.Version [restartedMain] HHH000412: Hibernate Core {5.4.9.Final}
2024-03-13 12:23:42,997 INFO org.hibernate.annotations.common.Version [restartedMain] HCANN000001: Hibernate Commons Annotations {5.1.0.Final}
2024-03-13 12:23:43,211 INFO org.hibernate.dialect.Dialect [restartedMain] HHH000400: Using dialect: org.hibernate.dialect.PostgreSQLDialect
2024-03-13 12:23:44,477 WARN org.hibernate.boot.internal.InFlightMetadataCollectorImpl [restartedMain] HHH000069: Duplicate generator name tiOstBeneficiary
2024-03-13 12:23:44,774 WARN org.hibernate.orm.cache [restartedMain] HHH90001006: Missing cache[default-update-timestamps-region] was created on-the-fly. The created cache will use a provider-specific default configuration: make sure you defined one. You can disable this warning by setting 'hibernate.javax.cache.missing_cache_strategy' to 'create'.
2024-03-13 12:23:44,852 INFO org.ehcache.core.EhcacheManager [restartedMain] Cache 'default-update-timestamps-region' created in EhcacheManager.
2024-03-13 12:23:44,852 WARN org.hibernate.orm.cache [restartedMain] HHH90001006: Missing cache[default-query-results-region] was created on-the-fly. The created cache will use a provider-specific default configuration: make sure you defined one. You can disable this warning by setting 'hibernate.javax.cache.missing_cache_strategy' to 'create'.
2024-03-13 12:23:44,852 INFO org.ehcache.core.EhcacheManager [restartedMain] Cache 'default-query-results-region' created in EhcacheManager.
2024-03-13 12:23:48,040 INFO org.hibernate.engine.transaction.jta.platform.internal.JtaPlatformInitiator [restartedMain] HHH000490: Using JtaPlatform implementation: [org.hibernate.engine.transaction.jta.platform.internal.NoJtaPlatform]
2024-03-13 12:23:48,305 INFO org.springframework.orm.jpa.LocalContainerEntityManagerFactoryBean [restartedMain] Initialized JPA EntityManagerFactory for persistence unit 'default'
2024-03-13 12:23:50,289 INFO gov.naco.soch.security.WebSecurityConfig [restartedMain] Server is starting with crossDomainAllowedOrigins->:
2024-03-13 12:23:50,336 INFO org.springframework.security.web.DefaultSecurityFilterChain [restartedMain] Creating filter chain: any request, [org.springframework.security.web.context.request.async.WebAsyncManagerIntegrationFilter@49d3ef1b, org.springframework.security.web.context.SecurityContextPersistenceFilter@489217d0, org.springframework.security.web.header.HeaderWriterFilter@44d2db5c, org.springframework.web.filter.CorsFilter@6d35e110, org.springframework.security.web.authentication.logout.LogoutFilter@73938e75, gov.naco.soch.security.JwtAuthenticationFilter@7d0d8a4e, org.springframework.security.web.savedrequest.RequestCacheAwareFilter@53c5439, org.springframework.security.web.servletapi.SecurityContextHolderAwareRequestFilter@938868a, org.springframework.security.web.authentication.AnonymousAuthenticationFilter@1cf27730, org.springframework.security.web.session.SessionManagementFilter@11cede00, org.springframework.security.web.access.ExceptionTranslationFilter@31011025, org.springframework.security.web.access.intercept.FilterSecurityInterceptor@1c3962ab]
2024-03-13 12:23:57,273 INFO org.springframework.scheduling.concurrent.ThreadPoolTaskExecutor [restartedMain] Initializing ExecutorService 'applicationTaskExecutor'
2024-03-13 12:23:57,429 INFO org.springframework.scheduling.concurrent.ThreadPoolTaskScheduler [restartedMain] Initializing ExecutorService 'taskScheduler'
2024-03-13 12:23:57,523 WARN org.springframework.boot.devtools.autoconfigure.OptionalLiveReloadServer [restartedMain] Unable to start LiveReload server
2024-03-13 12:23:57,585 INFO org.springframework.boot.web.embedded.tomcat.TomcatWebServer [restartedMain] Tomcat started on port(s): 9070 (http) with context path '/dashboard'
2024-03-13 12:23:57,601 INFO gov.naco.soch.dashboard.DashboardApplication [restartedMain] Started DashboardApplication in 26.585 seconds (JVM running for 29.635)
2024-03-13 12:24:31,453 INFO org.apache.catalina.core.ContainerBase.[Tomcat].[localhost].[/dashboard] [http-nio-9070-exec-1] Initializing Spring DispatcherServlet 'dispatcherServlet'
2024-03-13 12:24:31,453 INFO org.springframework.web.servlet.DispatcherServlet [http-nio-9070-exec-1] Initializing Servlet 'dispatcherServlet'
2024-03-13 12:24:31,468 INFO org.springframework.web.servlet.DispatcherServlet [http-nio-9070-exec-1] Completed initialization in 15 ms
2024-03-13 12:24:31,499 INFO gov.naco.soch.security.JwtAuthenticationFilter [http-nio-9070-exec-2] Got the request-->/dashboard/index/beneficiaryART/list:
2024-03-13 12:24:31,593 INFO gov.naco.soch.security.JwtAuthenticationFilter [http-nio-9070-exec-2] Processing request --> username-->hrart06:request-->/dashboard/index/beneficiaryART/list:
2024-03-13 12:25:52,012 INFO gov.naco.soch.security.JwtAuthenticationFilter [http-nio-9070-exec-2] APIEXECUTIONTIME /dashboard/index/beneficiaryART/list-->username-->hrart06:-->80513 ms
2024-03-13 12:25:59,651 INFO gov.naco.soch.security.JwtAuthenticationFilter [http-nio-9070-exec-4] Got the request-->/dashboard/index/beneficiaryART/list:
2024-03-13 12:25:59,667 INFO gov.naco.soch.security.JwtAuthenticationFilter [http-nio-9070-exec-4] Processing request --> username-->hrart06:request-->/dashboard/index/beneficiaryART/list:
2024-03-13 12:25:59,713 INFO gov.naco.soch.security.JwtAuthenticationFilter [http-nio-9070-exec-4] APIEXECUTIONTIME /dashboard/index/beneficiaryART/list-->username-->hrart06:-->62 ms
2024-03-13 12:26:00,463 INFO gov.naco.soch.security.JwtAuthenticationFilter [http-nio-9070-exec-6] Got the request-->/dashboard/index/beneficiaryART/list:
2024-03-13 12:26:00,463 INFO gov.naco.soch.security.JwtAuthenticationFilter [http-nio-9070-exec-6] Processing request --> username-->hrart06:request-->/dashboard/index/beneficiaryART/list:
2024-03-13 12:26:00,510 INFO gov.naco.soch.security.JwtAuthenticationFilter [http-nio-9070-exec-6] APIEXECUTIONTIME /dashboard/index/beneficiaryART/list-->username-->hrart06:-->47 ms
2024-03-13 12:26:00,932 INFO gov.naco.soch.security.JwtAuthenticationFilter [http-nio-9070-exec-8] Got the request-->/dashboard/index/beneficiaryART/list:
2024-03-13 12:26:00,932 INFO gov.naco.soch.security.JwtAuthenticationFilter [http-nio-9070-exec-8] Processing request --> username-->hrart06:request-->/dashboard/index/beneficiaryART/list:
2024-03-13 12:26:00,963 INFO gov.naco.soch.security.JwtAuthenticationFilter [http-nio-9070-exec-8] APIEXECUTIONTIME /dashboard/index/beneficiaryART/list-->username-->hrart06:-->31 ms
2024-03-13 12:26:01,369 INFO gov.naco.soch.security.JwtAuthenticationFilter [http-nio-9070-exec-10] Got the request-->/dashboard/index/beneficiaryART/list:
2024-03-13 12:26:01,369 INFO gov.naco.soch.security.JwtAuthenticationFilter [http-nio-9070-exec-10] Processing request --> username-->hrart06:request-->/dashboard/index/beneficiaryART/list:
2024-03-13 12:26:01,416 INFO gov.naco.soch.security.JwtAuthenticationFilter [http-nio-9070-exec-10] APIEXECUTIONTIME /dashboard/index/beneficiaryART/list-->username-->hrart06:-->47 ms
2024-03-13 12:26:03,916 INFO gov.naco.soch.security.JwtAuthenticationFilter [http-nio-9070-exec-2] Got the request-->/dashboard/index/beneficiaryART/list:
2024-03-13 12:26:03,916 INFO gov.naco.soch.security.JwtAuthenticationFilter [http-nio-9070-exec-2] Processing request --> username-->hrart06:request-->/dashboard/index/beneficiaryART/list:
2024-03-13 12:26:03,962 INFO gov.naco.soch.security.JwtAuthenticationFilter [http-nio-9070-exec-2] APIEXECUTIONTIME /dashboard/index/beneficiaryART/list-->username-->hrart06:-->46 ms
2024-03-13 12:26:07,321 INFO gov.naco.soch.security.JwtAuthenticationFilter [http-nio-9070-exec-4] Got the request-->/dashboard/index/beneficiaryART/list:
2024-03-13 12:26:07,337 INFO gov.naco.soch.security.JwtAuthenticationFilter [http-nio-9070-exec-4] Processing request --> username-->hrart06:request-->/dashboard/index/beneficiaryART/list:
2024-03-13 12:26:07,368 INFO gov.naco.soch.security.JwtAuthenticationFilter [http-nio-9070-exec-4] APIEXECUTIONTIME /dashboard/index/beneficiaryART/list-->username-->hrart06:-->47 ms
2024-03-13 12:26:08,134 INFO gov.naco.soch.security.JwtAuthenticationFilter [http-nio-9070-exec-6] Got the request-->/dashboard/index/beneficiaryART/list:
2024-03-13 12:26:08,149 INFO gov.naco.soch.security.JwtAuthenticationFilter [http-nio-9070-exec-6] Processing request --> username-->hrart06:request-->/dashboard/index/beneficiaryART/list:
2024-03-13 12:26:08,180 INFO gov.naco.soch.security.JwtAuthenticationFilter [http-nio-9070-exec-6] APIEXECUTIONTIME /dashboard/index/beneficiaryART/list-->username-->hrart06:-->46 ms
2024-03-13 12:26:08,633 INFO gov.naco.soch.security.JwtAuthenticationFilter [http-nio-9070-exec-8] Got the request-->/dashboard/index/beneficiaryART/list:
2024-03-13 12:26:08,633 INFO gov.naco.soch.security.JwtAuthenticationFilter [http-nio-9070-exec-8] Processing request --> username-->hrart06:request-->/dashboard/index/beneficiaryART/list:
2024-03-13 12:26:08,680 INFO gov.naco.soch.security.JwtAuthenticationFilter [http-nio-9070-exec-8] APIEXECUTIONTIME /dashboard/index/beneficiaryART/list-->username-->hrart06:-->47 ms
2024-03-13 12:26:09,133 INFO gov.naco.soch.security.JwtAuthenticationFilter [http-nio-9070-exec-10] Got the request-->/dashboard/index/beneficiaryART/list:
2024-03-13 12:26:09,133 INFO gov.naco.soch.security.JwtAuthenticationFilter [http-nio-9070-exec-10] Processing request --> username-->hrart06:request-->/dashboard/index/beneficiaryART/list:
2024-03-13 12:26:09,180 INFO gov.naco.soch.security.JwtAuthenticationFilter [http-nio-9070-exec-10] APIEXECUTIONTIME /dashboard/index/beneficiaryART/list-->username-->hrart06:-->47 ms
2024-03-13 12:26:10,165 INFO gov.naco.soch.security.JwtAuthenticationFilter [http-nio-9070-exec-1] Got the request-->/dashboard/index/beneficiaryART/list:
2024-03-13 12:26:10,165 INFO gov.naco.soch.security.JwtAuthenticationFilter [http-nio-9070-exec-1] Processing request --> username-->hrart06:request-->/dashboard/index/beneficiaryART/list:
2024-03-13 12:26:10,212 INFO gov.naco.soch.security.JwtAuthenticationFilter [http-nio-9070-exec-1] APIEXECUTIONTIME /dashboard/index/beneficiaryART/list-->username-->hrart06:-->47 ms
2024-03-13 12:26:10,602 INFO gov.naco.soch.security.JwtAuthenticationFilter [http-nio-9070-exec-2] Got the request-->/dashboard/index/beneficiaryART/list:
2024-03-13 12:26:10,617 INFO gov.naco.soch.security.JwtAuthenticationFilter [http-nio-9070-exec-2] Processing request --> username-->hrart06:request-->/dashboard/index/beneficiaryART/list:
2024-03-13 12:26:10,649 INFO gov.naco.soch.security.JwtAuthenticationFilter [http-nio-9070-exec-2] APIEXECUTIONTIME /dashboard/index/beneficiaryART/list-->username-->hrart06:-->47 ms
2024-03-13 12:26:11,024 INFO gov.naco.soch.security.JwtAuthenticationFilter [http-nio-9070-exec-3] Got the request-->/dashboard/index/beneficiaryART/list:
2024-03-13 12:26:11,024 INFO gov.naco.soch.security.JwtAuthenticationFilter [http-nio-9070-exec-3] Processing request --> username-->hrart06:request-->/dashboard/index/beneficiaryART/list:
2024-03-13 12:26:11,071 INFO gov.naco.soch.security.JwtAuthenticationFilter [http-nio-9070-exec-3] APIEXECUTIONTIME /dashboard/index/beneficiaryART/list-->username-->hrart06:-->47 ms
2024-03-13 12:26:11,477 INFO gov.naco.soch.security.JwtAuthenticationFilter [http-nio-9070-exec-5] Got the request-->/dashboard/index/beneficiaryART/list:
2024-03-13 12:26:11,493 INFO gov.naco.soch.security.JwtAuthenticationFilter [http-nio-9070-exec-5] Processing request --> username-->hrart06:request-->/dashboard/index/beneficiaryART/list:
2024-03-13 12:26:11,524 INFO gov.naco.soch.security.JwtAuthenticationFilter [http-nio-9070-exec-5] APIEXECUTIONTIME /dashboard/index/beneficiaryART/list-->username-->hrart06:-->47 ms
2024-03-13 12:26:11,977 INFO gov.naco.soch.security.JwtAuthenticationFilter [http-nio-9070-exec-7] Got the request-->/dashboard/index/beneficiaryART/list:
2024-03-13 12:26:11,992 INFO gov.naco.soch.security.JwtAuthenticationFilter [http-nio-9070-exec-7] Processing request --> username-->hrart06:request-->/dashboard/index/beneficiaryART/list:
2024-03-13 12:26:12,039 INFO gov.naco.soch.security.JwtAuthenticationFilter [http-nio-9070-exec-7] APIEXECUTIONTIME /dashboard/index/beneficiaryART/list-->username-->hrart06:-->62 ms
2024-03-13 12:39:58,139 INFO gov.naco.soch.security.JwtAuthenticationFilter [http-nio-9070-exec-10] Got the request-->/dashboard/index/beneficiaryART/list:
2024-03-13 12:39:58,139 INFO gov.naco.soch.security.JwtAuthenticationFilter [http-nio-9070-exec-10] Processing request --> username-->hrart06:request-->/dashboard/index/beneficiaryART/list:
2024-03-13 12:39:58,171 INFO gov.naco.soch.security.JwtAuthenticationFilter [http-nio-9070-exec-10] APIEXECUTIONTIME /dashboard/index/beneficiaryART/list-->username-->hrart06:-->32 ms
2024-03-13 13:12:34,487 INFO org.springframework.scheduling.concurrent.ThreadPoolTaskScheduler [Thread-1] Shutting down ExecutorService 'taskScheduler'
2024-03-13 13:12:34,487 INFO org.springframework.scheduling.concurrent.ThreadPoolTaskExecutor [Thread-1] Shutting down ExecutorService 'applicationTaskExecutor'
2024-03-13 13:12:34,612 INFO org.springframework.orm.jpa.LocalContainerEntityManagerFactoryBean [Thread-1] Closing JPA EntityManagerFactory for persistence unit 'default'
2024-03-13 13:12:34,612 INFO org.ehcache.core.EhcacheManager [Thread-1] Cache 'default-query-results-region' removed from EhcacheManager.
2024-03-13 13:12:34,612 INFO org.ehcache.core.EhcacheManager [Thread-1] Cache 'default-update-timestamps-region' removed from EhcacheManager.
